;DATE=2015-07-10	LAT=6741	LON=-21987
;UTC--MHz--Call--SNR,dB--QSB,%--Evidence--Delay,ms
17:47:10	14	OH2B  	-4.6	100	 0.26	 -30
17:47:20	14	CS3B  	-20.0	100	 0.32	 150
17:47:30	14	LU4AA 	-6.6	100	 0.19	 139
17:47:40	14	OA4B  	-4.8	100	 0.13	 153
17:47:50	14	YV5B  	-5.3	100	 0.29	 269
17:48:00	18	YV5B  	-7.5	100	 0.10	  70
17:48:10	18	4U1UN 	-7.6	100	 0.10	  15
17:48:20	18	VE8AT 	-4.9	100	 0.12	 141
17:48:30	18	W6WX  	 5.5	  0	 5.38	  37
17:48:40	18	KH6WO 	-4.9	100	 0.21	 -62
17:48:50	18	ZL6B  	-7.7	100	 0.10	 274
17:49:00	28	W6WX  	-4.2	100	 0.09	 256
17:49:10	14	RR9O  	-8.6	100	 0.16	 257
17:49:20	14	VR2B  	-5.2	100	 0.32	 234
17:49:30	14	4S7B  	-10.0	100	 0.11	 176
17:49:40	14	ZS6DN 	-10.4	100	 0.08	 190
17:49:50	14	5Z4B  	-10.5	100	 0.06	 267
17:50:00	14	4X6TU 	-8.5	100	 0.08	  47
17:50:10	14	OH2B  	-8.6	100	 0.08	 -66
17:50:20	14	CS3B  	-9.0	100	 0.08	 -11
17:50:30	14	LU4AA 	-9.8	100	 0.08	 252
17:50:40	14	OA4B  	-7.6	100	 0.12	 290
17:50:50	14	YV5B  	-7.4	100	 0.12	 -18
17:51:00	14	4U1UN 	-10.2	100	 0.06	 -37
17:51:10	14	VE8AT 	-7.9	100	 0.29	 244
17:51:20	14	W6WX  	20.8	  0	 6.76	  39
17:51:30	14	KH6WO 	-14.5	100	 0.14	 246
17:51:40	14	ZL6B  	-3.2	 91	 0.18	 188
18:07:30	14	4S7B  	-5.8	100	 0.17	 258
18:07:40	14	ZS6DN 	-4.9	100	 0.09	  86
18:07:50	14	5Z4B  	-4.3	100	 0.14	 289
18:08:00	14	4X6TU 	-4.6	100	 0.18	 287
18:08:10	14	OH2B  	-5.1	 98	 0.23	 197
18:08:20	14	CS3B  	-8.3	100	 0.10	 159
18:08:30	14	LU4AA 	-7.6	100	 0.14	 202
18:08:40	14	OA4B  	-6.0	100	 0.13	 144
18:08:50	14	YV5B  	 6.6	 31	 4.77	  57
18:09:00	14	4U1UN 	11.1	 13	 5.76	  45
18:09:10	14	VE8AT 	-20.0	100	 0.07	  19
18:09:20	14	W6WX  	11.7	  0	 5.39	  24
18:09:30	14	K6TD  	-8.6	100	 0.06	  95
18:09:40	14	ZL6B  	-10.7	100	 0.11	 269
18:09:50	14	VK6RBP	-4.8	 95	 0.17	 123
18:10:00	14	JA2IGY	-14.0	100	 0.03	 102
18:10:10	14	RR9O  	-8.1	100	 0.09	  64
18:10:20	14	VR2B  	12.4	 11	 5.91	  69
18:10:30	14	4S7B  	-8.3	100	 0.12	 178
18:10:40	14	ZS6DN 	-5.4	100	 0.06	 262
18:10:50	14	5Z4B  	-10.4	100	 0.15	 -48
18:11:00	14	4X6TU 	-5.1	100	 0.17	 -63
18:11:10	14	OH2B  	-2.5	 90	 0.10	  34
18:11:20	14	CS3B  	-6.0	100	 0.19	  61
18:11:30	14	LU4AA 	-6.3	100	 0.16	 215
18:11:40	14	OA4B  	-9.3	100	 0.06	  41
18:11:50	14	YV5B  	 7.4	  0	 6.33	  63
18:12:00	14	4U1UN 	 8.7	 13	 6.64	  55
18:12:10	14	VE8AT 	-3.1	100	 0.33	   4
18:12:20	14	W6WX  	11.6	  2	 4.13	  20
18:12:30	14	K6TD  	-10.4	100	 0.06	 254
18:12:40	14	ZL6B  	-5.1	100	 0.09	  -8
18:12:50	14	VK6RBP	-7.7	100	 0.08	 -44
18:13:00	14	JA2IGY	 0.2	 55	 2.83	  67
18:13:10	14	RR9O  	-4.1	100	 0.12	 261
18:13:20	14	VR2B  	 9.4	  0	 4.95	  77
18:13:30	14	4S7B  	-6.7	100	 0.16	  50
18:13:40	14	ZS6DN 	-9.3	100	 0.12	 191
18:14:00	14	4X6TU 	-5.8	100	 0.31	  17
18:14:10	14	OH2B  	-7.7	100	 0.09	 290
18:14:20	14	CS3B  	-6.3	100	 0.08	  -2
18:14:30	14	LU4AA 	-4.2	100	 0.73	 149
18:14:40	14	OA4B  	-2.6	100	 0.26	 -81
18:14:50	14	YV5B  	 8.8	  0	 6.35	  60
18:15:00	14	4U1UN 	 1.9	 44	 3.89	  47
18:15:10	14	VE8AT 	-5.4	100	 0.16	  63
18:15:20	14	W6WX  	25.2	  0	 6.71	  38
18:15:30	14	K6TD  	-10.9	100	 0.08	  24
18:15:40	14	ZL6B  	-14.3	100	 0.11	 245
18:15:50	14	VK6RBP	-5.2	100	 0.20	 225
18:16:00	14	JA2IGY	 3.4	 18	 4.61	  63
18:16:10	14	RR9O  	-6.9	100	 0.06	  -3
18:16:20	14	VR2B  	 6.7	  7	 5.73	  74
18:16:30	14	4S7B  	-4.1	100	 0.19	 198
18:16:40	14	ZS6DN 	-5.7	100	 0.15	 218
18:16:50	14	5Z4B  	-9.2	100	 0.34	   5
18:17:00	14	4X6TU 	-9.5	100	 0.13	 271
18:17:10	14	OH2B  	-11.1	100	 0.06	 126
18:17:20	14	CS3B  	-6.3	100	 0.11	 231
18:17:30	14	LU4AA 	-6.0	100	 0.31	  32
18:17:40	14	OA4B  	-20.0	100	 0.22	  54
18:17:50	14	YV5B  	 3.9	 29	 4.24	  60
18:18:00	14	4U1UN 	 3.1	 17	 3.84	  48
18:18:10	14	VE8AT 	-9.4	100	 0.22	   7
18:18:20	14	W6WX  	27.2	  0	 3.47	  37
18:18:30	14	K6TD  	-1.5	 92	 0.12	-103
18:18:40	14	ZL6B  	-2.0	100	 0.19	  12
18:18:50	14	VK6RBP	-12.0	100	 0.13	 244
18:19:00	14	JA2IGY	 2.6	 18	 4.31	  75
18:19:10	14	RR9O  	-8.4	100	 0.14	 193
18:19:20	14	VR2B  	10.0	  0	 6.44	  72
18:19:30	14	4S7B  	-7.4	100	 0.05	 -54
18:19:40	14	ZS6DN 	-4.5	100	 0.12	 302
18:19:50	14	5Z4B  	-5.2	100	 0.06	 320
18:20:00	14	4X6TU 	-6.4	100	 0.12	 -37
18:20:10	14	OH2B  	-8.7	100	 0.07	 160
18:20:20	14	CS3B  	-8.8	100	 0.06	 160
18:20:30	14	LU4AA 	-7.5	100	 0.09	 243
18:20:40	14	OA4B  	-9.9	100	 0.06	  14
18:20:50	14	YV5B  	 7.1	 13	 5.47	  64
18:21:00	14	4U1UN 	 3.3	 29	 4.71	  46
18:21:10	14	VE8AT 	-3.1	100	 0.09	 265
18:21:20	14	W6WX  	 9.8	  4	 4.68	  27
18:21:30	14	K6TD  	-6.1	100	 0.07	 230
18:21:40	14	ZL6B  	-6.1	100	 0.13	 250
18:21:50	14	VK6RBP	-4.5	100	 0.06	 -57
18:22:00	14	JA2IGY	 3.4	 23	 5.80	  66
18:22:10	14	RR9O  	-7.4	100	 0.10	 202
18:22:20	14	VR2B  	11.9	  0	 6.15	  80
18:22:30	14	4S7B  	-6.5	100	 0.11	 -55
18:22:40	14	ZS6DN 	-7.0	100	 0.10	   5
18:22:50	14	5Z4B  	-6.9	100	 0.13	 142
18:23:00	14	4X6TU 	-6.0	100	 0.12	  56
18:23:10	14	OH2B  	-4.6	100	 0.15	 161
18:23:20	14	CS3B  	-5.8	100	 0.36	 184
18:23:30	14	LU4AA 	-7.8	100	 0.15	 101
18:23:40	14	OA4B  	-6.1	100	 0.09	  40
18:23:50	14	YV5B  	 7.3	  0	 6.55	  61
18:24:00	14	4U1UN 	 8.0	  0	 7.15	  53
18:24:10	14	VE8AT 	-4.8	100	 0.18	 -71
18:24:20	14	W6WX  	26.2	  0	 6.63	  39
18:24:30	14	K6TD  	-13.6	100	 0.26	 199
18:24:40	14	ZL6B  	-20.0	100	 0.18	 125
18:24:50	14	VK6RBP	-7.2	100	 0.18	 117
18:25:00	14	JA2IGY	 2.9	 44	 5.79	  62
18:25:10	14	RR9O  	-8.0	100	 0.10	 142
18:25:20	14	VR2B  	 8.9	  4	 5.83	  77
18:25:30	14	4S7B  	-13.3	100	 0.15	 166
18:25:40	14	ZS6DN 	-4.4	100	 0.11	 227
18:25:50	14	5Z4B  	-8.5	100	 0.12	 133
18:26:00	14	4X6TU 	-2.8	100	 0.15	 147
18:26:10	14	OH2B  	-4.6	100	 0.44	 -77
18:26:20	14	CS3B  	-6.7	100	 0.22	  27
18:26:30	14	LU4AA 	-4.3	100	 0.25	  93
18:26:40	14	OA4B  	-7.0	100	 0.13	 113
18:26:50	14	YV5B  	15.0	  0	 6.88	  59
18:27:00	14	4U1UN 	 3.8	 10	 4.97	  48
18:27:10	14	VE8AT 	-20.0	100	 0.07	 117
18:27:20	14	W6WX  	10.5	  4	 4.05	  26
18:27:30	14	K6TD  	-4.1	100	 0.29	 -62
18:27:40	14	ZL6B  	-9.2	100	 0.22	 -30
18:27:50	14	VK6RBP	-3.6	100	 0.33	 112
18:28:00	14	JA2IGY	 1.6	 40	 3.89	  67
18:28:10	14	RR9O  	-20.0	100	 0.12	 261
18:28:20	14	VR2B  	 6.5	 26	 4.77	  72
18:28:30	14	4S7B  	-8.4	100	 0.13	  31
18:28:40	14	ZS6DN 	-20.0	100	 0.09	 269
18:28:50	14	5Z4B  	-20.0	100	 0.19	 294
18:29:00	14	4X6TU 	-5.1	100	 0.29	 -67
18:29:10	14	OH2B  	-8.9	100	 0.06	 136
18:29:20	14	CS3B  	-7.7	100	 0.14	 152
18:29:30	14	LU4AA 	-7.1	100	 0.27	 -51
18:29:40	14	OA4B  	-4.7	100	 0.11	  99
18:29:50	14	YV5B  	 4.2	 22	 4.62	  64
18:30:00	14	4U1UN 	 3.8	 15	 5.13	  45
18:30:10	14	VE8AT 	-6.3	100	 0.16	 125
18:30:20	14	W6WX  	 9.8	  4	 3.66	  27
18:30:30	14	K6TD  	-16.2	100	 0.14	 -60
18:30:40	14	ZL6B  	-5.8	100	 0.09	  11
18:30:50	14	VK6RBP	-8.3	100	 0.11	  76
18:31:00	14	JA2IGY	 2.0	 34	 4.93	  66
18:31:10	14	RR9O  	-7.4	100	 0.06	 283
18:31:20	14	VR2B  	 6.6	 13	 4.82	  82
18:33:00	14	4U1UN 	 4.1	 13	 5.44	  53
18:33:10	14	VE8AT 	-5.3	100	 0.08	 -60
18:33:20	14	W6WX  	26.2	  0	 5.24	  32
18:33:30	14	K6TD  	-5.5	100	 0.26	 228
18:33:40	14	ZL6B  	-4.9	100	 0.16	 149
18:33:50	14	VK6RBP	-3.5	100	 0.18	  23
18:34:00	14	JA2IGY	 2.3	 35	 4.78	  67
18:34:10	14	RR9O  	-8.5	100	 0.18	 244
18:34:20	14	VR2B  	 7.2	 13	 5.83	  76
18:34:30	14	4S7B  	-4.4	100	 0.21	 298
18:34:40	14	ZS6DN 	-5.9	100	 0.09	 195
18:34:50	14	5Z4B  	-9.3	100	 0.08	 100
18:35:00	14	4X6TU 	-4.3	100	 0.12	 307
18:35:10	14	OH2B  	-5.8	100	 0.18	 113
18:35:20	14	CS3B  	-4.0	100	 0.22	 211
18:35:40	14	OA4B  	-2.2	 86	 0.90	 -47
18:35:50	14	YV5B  	 6.2	 20	 4.71	  59
18:36:00	14	4U1UN 	 5.2	 15	 6.41	  51
18:36:10	14	VE8AT 	-2.4	 98	 0.33	   1
18:36:20	14	W6WX  	 9.9	  6	 2.62	  25
18:36:30	14	K6TD  	13.3	  0	 5.18	-107
18:36:40	14	ZL6B  	-5.1	100	 0.32	 173
18:36:50	14	VK6RBP	-8.0	100	 0.09	 163
18:37:00	14	JA2IGY	 3.6	 34	 5.67	  67
18:37:10	14	RR9O  	-5.4	100	 0.29	 208
18:37:20	14	VR2B  	 6.2	 20	 4.22	  72
18:37:30	14	4S7B  	-4.2	100	 0.16	 279
18:37:40	14	ZS6DN 	-4.3	100	 0.37	 226
18:37:50	14	5Z4B  	-9.6	100	 0.10	 279
18:38:00	14	4X6TU 	-5.8	100	 0.16	 -46
18:38:10	14	OH2B  	-2.9	 88	 0.15	  20
18:38:20	14	CS3B  	-6.7	100	 0.17	 218
18:38:30	14	LU4AA 	-4.7	100	 0.17	 215
18:38:40	14	OA4B  	-7.8	100	 0.21	  93
18:38:50	14	YV5B  	 4.8	  7	 5.49	  56
18:39:00	14	4U1UN 	 9.6	  0	 7.49	  47
18:39:10	14	VE8AT 	-20.0	100	 0.13	 233
18:39:20	14	W6WX  	 9.3	  6	 3.63	  22
18:39:30	14	K6TD  	26.0	  0	 5.92	-107
18:39:40	14	ZL6B  	-2.4	100	 0.40	 115
18:39:50	14	VK6RBP	-5.8	100	 0.17	  49
18:40:00	14	JA2IGY	 0.8	 55	 3.98	  60
18:40:10	14	RR9O  	-3.8	 98	 0.33	 211
18:40:20	14	VR2B  	 3.4	 30	 3.82	  72
18:40:30	14	4S7B  	-5.3	100	 0.18	  88
18:40:40	14	ZS6DN 	-4.0	 89	 0.29	   4
18:40:50	14	5Z4B  	-9.6	100	 0.26	 118
18:41:00	14	4X6TU 	-7.5	100	 0.15	 152
18:41:10	14	OH2B  	-5.5	100	 0.34	 110
18:41:20	14	CS3B  	-4.6	 93	 0.35	 120
18:41:30	14	LU4AA 	-3.7	100	 0.24	 222
18:41:40	14	OA4B  	-4.2	100	 0.19	 252
18:41:50	14	YV5B  	 3.3	 27	 4.36	  65
18:42:00	14	4U1UN 	 3.1	 13	 4.83	  43
18:42:10	14	VE8AT 	-2.4	 91	 0.16	  53
18:42:20	14	W6WX  	27.3	  0	 5.26	  31
18:42:30	14	K6TD  	21.4	  0	 5.91	-107
18:42:40	14	ZL6B  	-4.9	 98	 0.14	 164
18:42:50	14	VK6RBP	-6.4	100	 0.20	 288
18:43:00	14	JA2IGY	-0.9	 77	 2.42	  65
18:43:10	14	RR9O  	-20.0	100	 0.05	 211
18:43:20	14	VR2B  	 7.2	 20	 4.41	  79
18:43:30	14	4S7B  	-8.5	100	 0.31	 -60
18:43:40	14	ZS6DN 	-4.9	100	 0.10	 246
18:43:50	14	5Z4B  	-5.0	100	 0.15	  81
18:44:00	14	4X6TU 	-11.3	100	 0.10	 100
18:44:10	14	OH2B  	-3.9	100	 0.69	 -21
18:44:20	14	CS3B  	-6.5	100	 0.10	 -32
18:44:30	14	LU4AA 	-5.8	100	 0.21	 262
18:44:40	14	OA4B  	-11.1	100	 0.04	 104
18:44:50	14	YV5B  	 2.3	 33	 3.25	  58
18:45:00	14	4U1UN 	11.0	  6	 6.77	  52
18:45:10	14	VE8AT 	-5.5	100	 0.15	 268
18:45:20	14	W6WX  	 9.4	  2	 3.66	  23
18:45:30	14	K6TD  	22.0	  0	 5.85	 -22
18:45:40	14	ZL6B  	-4.0	100	 0.18	  35
18:45:50	14	VK6RBP	-5.5	100	 0.14	 -29
18:46:00	14	JA2IGY	-2.1	 92	 0.47	  74
18:46:10	14	RR9O  	-6.9	100	 0.09	   4
18:46:20	14	VR2B  	 7.1	 28	 4.31	  71
18:46:30	14	4S7B  	-5.7	100	 0.26	 130
18:46:40	14	ZS6DN 	-4.4	100	 0.17	 209
18:46:50	14	5Z4B  	-6.1	100	 0.43	 286
18:47:00	14	4X6TU 	-7.4	100	 0.25	 -67
18:47:10	14	OH2B  	-6.2	100	 0.08	   4
18:47:20	14	CS3B  	-4.3	100	 0.61	 185
18:47:30	14	LU4AA 	-6.8	100	 0.18	 248
18:47:40	14	OA4B  	-7.9	100	 0.12	 -40
18:47:50	14	YV5B  	 9.1	  7	 5.93	  55
18:48:00	14	4U1UN 	14.5	  0	 7.70	  48
18:48:10	14	VE8AT 	-5.1	100	 0.11	  77
18:48:20	14	W6WX  	10.1	  6	 2.91	  23
18:48:30	14	K6TD  	22.9	  0	 5.92	  85
18:48:40	14	ZL6B  	-3.9	100	 0.27	 163
18:48:50	14	VK6RBP	-5.0	100	 0.09	 279
18:49:00	14	JA2IGY	-1.1	 77	 0.44	  52
18:49:10	14	RR9O  	-6.6	100	 0.07	  -4
18:49:20	14	VR2B  	 7.9	  9	 4.87	  72
18:49:30	14	4S7B  	-4.2	100	 0.22	 -13
18:49:40	14	ZS6DN 	-6.7	100	 0.16	  82
18:49:50	14	5Z4B  	-5.3	100	 0.09	 317
18:50:00	14	4X6TU 	-7.8	100	 0.12	 100
18:50:10	14	OH2B  	-14.5	100	 0.06	 298
18:50:20	14	CS3B  	-8.3	100	 0.12	 156
18:50:30	14	LU4AA 	-5.0	100	 0.26	 -53
18:50:40	14	OA4B  	-7.6	100	 0.22	  73
18:50:50	14	YV5B  	 7.7	  0	 6.58	  56
18:51:00	14	4U1UN 	 7.3	  6	 6.33	  45
18:51:10	14	VE8AT 	-2.3	100	 0.46	 126
18:51:20	14	W6WX  	 9.6	  4	 3.33	  19
18:51:30	14	K6TD  	13.4	  0	 5.73	   7
18:51:40	14	ZL6B  	-5.4	100	 0.16	 -40
18:51:50	14	VK6RBP	-7.8	100	 0.17	 286
18:52:00	14	JA2IGY	-1.9	 76	 0.18	  85
18:52:10	14	RR9O  	-7.0	100	 0.30	  20
18:52:20	14	VR2B  	 9.7	  2	 6.45	  78
18:52:30	14	4S7B  	-5.5	100	 0.13	 172
18:52:40	14	ZS6DN 	-4.7	100	 0.48	 -41
18:52:50	14	5Z4B  	-7.3	100	 0.14	  94
18:53:00	14	4X6TU 	-6.1	100	 0.05	 151
18:53:10	14	OH2B  	-5.1	100	 0.14	 127
18:53:20	14	CS3B  	-5.2	100	 0.19	 286
18:53:30	14	LU4AA 	-8.0	100	 0.18	  77
18:53:40	14	OA4B  	-4.3	100	 0.30	  23
18:53:50	14	YV5B  	 8.2	  4	 5.53	  60
18:54:00	14	4U1UN 	 3.8	 23	 4.69	  52
18:54:10	14	VE8AT 	-3.2	100	 0.15	  29
18:54:20	14	W6WX  	28.0	  0	 4.93	  29
18:54:30	14	K6TD  	22.7	  0	 5.90	  -3
18:54:40	14	ZL6B  	-8.4	100	 0.16	  67
18:54:50	14	VK6RBP	-11.2	100	 0.13	 128
18:55:00	14	JA2IGY	-3.7	 95	 0.61	  69
18:55:10	14	RR9O  	-9.8	100	 0.14	  31
18:55:20	14	VR2B  	 9.8	  4	 5.18	  77
18:55:30	14	4S7B  	-7.9	100	 0.15	  69
18:55:40	14	ZS6DN 	-7.7	100	 0.27	  70
18:55:50	14	5Z4B  	-4.6	100	 0.13	 184
18:56:00	14	4X6TU 	-6.2	100	 0.13	 307
18:56:10	14	OH2B  	-9.2	100	 0.10	  46
18:56:20	14	CS3B  	-8.3	100	 0.10	 280
18:56:30	14	LU4AA 	-8.4	100	 0.22	 -44
18:56:40	14	OA4B  	-5.4	100	 0.06	   5
18:56:50	14	YV5B  	 8.1	 22	 4.91	  56
18:57:00	14	4U1UN 	 8.0	 17	 5.06	  49
18:57:10	14	VE8AT 	-2.1	100	 0.17	 -25
18:57:20	14	W6WX  	 9.9	  4	 3.31	  24
18:57:30	14	K6TD  	22.9	  0	 5.92	   2
18:57:40	14	ZL6B  	-9.6	100	 0.15	 129
18:57:50	14	VK6RBP	-6.6	100	 0.19	 -45
18:58:00	14	JA2IGY	-0.6	 63	 2.02	  56
18:58:10	14	RR9O  	-4.5	100	 0.12	 171
18:58:20	14	VR2B  	 5.2	  9	 4.37	  70
18:58:30	14	4S7B  	-5.0	100	 0.23	   7
18:58:40	14	ZS6DN 	-3.3	100	 0.18	 108
18:58:50	14	5Z4B  	-20.0	100	 0.12	  31
18:59:00	14	4X6TU 	-18.5	100	 0.09	  19
18:59:10	14	OH2B  	-6.3	100	 0.05	 130
18:59:20	14	CS3B  	-10.9	100	 0.10	  21
18:59:30	14	LU4AA 	-8.7	100	 0.10	 210
18:59:40	14	OA4B  	-7.9	100	 0.14	 241
18:59:50	14	YV5B  	 8.3	  7	 5.49	  55
19:00:00	14	4U1UN 	 6.5	  6	 7.22	  47
19:00:10	14	VE8AT 	-6.7	100	 0.21	  52
19:00:20	14	W6WX  	10.7	  4	 3.49	  20
19:00:30	14	K6TD  	13.5	  0	 5.81	   3
19:00:40	14	ZL6B  	-3.5	100	 0.62	  71
19:00:50	14	VK6RBP	-4.5	100	 0.16	 128
19:01:00	14	JA2IGY	-2.8	 89	 1.21	  70
19:01:10	14	RR9O  	-5.3	100	 0.22	  25
19:01:20	14	VR2B  	11.7	  0	 5.57	  68
19:01:30	14	4S7B  	-5.8	100	 0.15	 192
19:01:40	14	ZS6DN 	-7.3	100	 0.07	  30
19:01:50	14	5Z4B  	-8.6	100	 0.12	  28
19:02:00	14	4X6TU 	-7.4	100	 0.07	 215
19:02:10	14	OH2B  	-5.0	100	 0.14	 160
19:02:20	14	CS3B  	-6.9	100	 0.24	  24
19:02:30	14	LU4AA 	-10.0	100	 0.22	  57
19:02:40	14	OA4B  	-5.1	100	 0.07	 231
19:02:50	14	YV5B  	10.2	 24	 4.63	  64
19:03:00	14	4U1UN 	11.4	  0	 6.92	  55
19:03:10	14	VE8AT 	-4.3	100	 0.26	 144
19:03:20	14	W6WX  	27.4	  0	 4.37	  30
19:03:30	14	K6TD  	22.9	  0	 5.92	  -3
19:03:40	14	ZL6B  	-6.0	100	 0.13	  58
19:03:50	14	VK6RBP	-10.4	100	 0.08	  69
19:04:00	14	JA2IGY	-3.1	 98	 0.23	  68
19:04:10	14	RR9O  	-5.1	100	 0.16	 -37
19:04:20	14	VR2B  	 3.3	 41	 3.06	  76
19:04:30	14	4S7B  	-5.3	100	 0.29	  80
19:04:40	14	ZS6DN 	-13.1	100	 0.06	 128
19:04:50	14	5Z4B  	-8.4	100	 0.28	 306
19:05:00	14	4X6TU 	-7.3	100	 0.07	   3
19:05:10	14	OH2B  	-13.5	100	 0.06	 217
19:05:20	14	CS3B  	-4.2	100	 0.13	  99
19:05:30	14	LU4AA 	-6.1	100	 0.10	 163
19:05:40	14	OA4B  	-4.6	 91	 0.32	 240
19:05:50	14	YV5B  	13.0	  0	 6.70	  60
19:06:00	14	4U1UN 	 7.9	 10	 6.31	  50
19:06:10	14	VE8AT 	-2.5	 86	 0.07	 134
19:06:20	14	W6WX  	 8.5	  4	 3.65	  27
19:06:30	14	K6TD  	13.0	  0	 5.11	   3
19:06:40	14	ZL6B  	-3.5	100	 0.32	 150
19:06:50	14	VK6RBP	-6.3	 95	 0.24	  80
19:07:00	14	JA2IGY	-7.5	100	 0.17	  71
19:07:20	14	VR2B  	 8.7	 15	 5.30	  73
19:07:30	14	4S7B  	-5.2	100	 0.28	 114
19:07:40	14	ZS6DN 	-11.7	100	 0.11	  74
19:07:50	14	5Z4B  	-4.0	100	 0.10	 177
19:08:00	14	4X6TU 	-5.2	100	 0.35	 308
19:08:10	14	OH2B  	-8.6	100	 0.09	 297
19:08:20	14	CS3B  	-8.3	100	 0.16	 169
19:08:30	14	LU4AA 	-8.2	100	 0.23	 292
19:08:40	14	OA4B  	-7.0	100	 0.21	 120
19:08:50	14	YV5B  	11.8	  0	 6.78	  55
19:09:00	14	4U1UN 	 9.2	  4	 5.81	  47
19:09:10	14	VE8AT 	-4.3	100	 0.05	 215
19:09:20	14	W6WX  	27.8	  0	 5.09	  35
19:09:30	14	K6TD  	12.3	  0	 5.76	   1
19:09:40	14	ZL6B  	-9.6	100	 0.08	  34
19:09:50	14	VK6RBP	-9.2	100	 0.16	 -17
19:10:00	14	JA2IGY	-1.3	 85	 0.08	  66
19:10:10	14	RR9O  	-0.6	 56	 0.10	   7
19:10:20	14	VR2B  	 4.4	 22	 4.21	  70
19:10:30	14	4S7B  	-8.2	100	 0.07	 -20
19:10:40	14	ZS6DN 	-10.4	100	 0.07	 323
19:10:50	14	5Z4B  	-4.0	100	 0.23	 281
19:11:00	14	4X6TU 	-4.0	100	 0.21	 221
19:11:10	14	OH2B  	-9.6	100	 0.14	 -66
19:11:20	14	CS3B  	-8.6	100	 0.05	  14
19:11:30	14	LU4AA 	-3.3	100	 0.10	 138
19:11:40	14	OA4B  	-20.0	100	 0.13	 248
19:11:50	14	YV5B  	 7.1	  0	 6.27	  61
19:12:00	14	4U1UN 	16.3	  0	 7.37	  45
19:12:10	14	VE8AT 	-6.5	100	 0.25	 253
19:12:20	14	W6WX  	 8.3	 11	 2.12	  17
19:12:30	14	K6TD  	22.0	  0	 5.91	  -1
19:12:40	14	ZL6B  	-6.3	100	 0.27	 -73
19:12:50	14	VK6RBP	-5.4	100	 0.33	 137
19:13:00	14	JA2IGY	-8.1	100	 0.12	  13
19:13:10	14	RR9O  	-5.9	100	 0.09	 183
19:13:20	14	VR2B  	 9.3	 11	 5.52	  75
19:13:30	14	4S7B  	-10.1	100	 0.15	  43
19:13:40	14	ZS6DN 	-7.5	100	 0.29	 285
19:13:50	14	5Z4B  	-4.5	100	 0.27	 112
19:14:00	14	4X6TU 	-8.6	100	 0.11	 -23
19:14:10	14	OH2B  	-7.3	100	 0.12	 246
19:14:20	14	CS3B  	-9.0	100	 0.27	  91
19:14:30	14	LU4AA 	-9.0	100	 0.17	 278
19:14:40	14	OA4B  	-8.8	100	 0.13	  32
19:14:50	14	YV5B  	 6.4	 16	 5.51	  60
19:15:00	14	4U1UN 	 9.4	 35	 4.90	  53
19:15:10	14	VE8AT 	-12.1	100	 0.09	 162
19:15:20	14	W6WX  	 9.1	  4	 3.63	  24
19:15:30	14	K6TD  	11.1	  0	 5.18	   3
19:15:40	14	ZL6B  	-18.3	100	 0.06	  26
19:15:50	14	VK6RBP	-4.5	100	 0.07	 126
19:16:00	14	JA2IGY	-5.7	100	 0.18	  50
19:16:10	14	RR9O  	-2.8	100	 0.13	 299
19:16:20	14	VR2B  	 2.0	 33	 2.79	  74
19:16:30	14	4S7B  	-6.4	100	 0.07	 -39
19:16:40	14	ZS6DN 	-9.3	100	 0.07	 255
19:16:50	14	5Z4B  	-7.0	100	 0.40	 196
19:17:00	14	4X6TU 	-7.2	100	 0.25	 249
19:17:10	14	OH2B  	-4.8	100	 0.17	 180
19:17:20	14	CS3B  	-4.8	100	 0.33	 162
19:17:30	14	LU4AA 	-5.6	100	 0.43	 -72
19:17:40	14	OA4B  	-2.6	100	 0.21	 163
19:17:50	14	YV5B  	14.6	  0	 6.76	  57
19:18:00	14	4U1UN 	11.2	 23	 5.49	  47
19:18:10	14	VE8AT 	-5.9	100	 0.18	 -54
19:18:20	14	W6WX  	 9.1	  4	 3.79	  19
19:18:30	14	K6TD  	22.5	  0	 5.77	   0
19:18:40	14	ZL6B  	-5.5	100	 0.27	 259
19:18:50	14	VK6RBP	-9.2	100	 0.06	 -19
19:19:00	14	JA2IGY	-7.5	100	 0.10	   8
19:19:10	14	RR9O  	-6.2	100	 0.10	 152
19:19:20	14	VR2B  	 3.0	 30	 3.19	  69
19:19:30	14	4S7B  	-2.3	100	 0.29	 173
19:19:40	14	ZS6DN 	-5.8	100	 0.17	 126
19:19:50	14	5Z4B  	-4.3	100	 0.13	 276
19:20:00	14	4X6TU 	-7.3	100	 0.18	 163
19:20:10	14	OH2B  	-4.8	100	 0.06	  37
19:20:20	14	CS3B  	-7.1	100	 0.11	 -52
19:20:30	14	LU4AA 	-4.9	100	 0.05	 174
19:20:40	14	OA4B  	-9.6	100	 0.12	  91
19:20:50	14	YV5B  	12.8	  0	 6.84	  65
19:21:00	14	4U1UN 	10.5	  0	 6.86	  45
19:21:10	14	VE8AT 	-11.6	100	 0.08	 246
19:21:20	14	W6WX  	26.8	  0	 3.40	  32
19:21:30	14	K6TD  	23.1	  0	 5.85	  -5
19:21:40	14	ZL6B  	-3.2	100	 0.06	 258
19:21:50	14	VK6RBP	-5.7	100	 0.09	 244
19:22:00	14	JA2IGY	-2.0	 94	 0.31	 196
19:22:10	14	RR9O  	-7.3	100	 0.13	 122
19:22:20	14	VR2B  	 1.6	 61	 2.41	  80
19:22:30	14	4S7B  	-1.6	 88	 0.63	  66
19:22:40	14	ZS6DN 	-12.9	100	 0.07	 162
19:22:50	14	5Z4B  	-9.0	100	 0.19	 107
19:23:00	14	4X6TU 	-6.9	100	 0.11	 270
19:23:10	14	OH2B  	-20.0	100	 0.19	  -7
19:23:20	14	CS3B  	-7.3	100	 0.14	 161
19:23:30	14	LU4AA 	-3.2	100	 0.16	  40
19:23:40	14	OA4B  	-20.0	100	 0.11	  15
19:23:50	14	YV5B  	11.3	  0	 6.47	  61
19:24:00	14	4U1UN 	 9.4	  0	 7.61	  51
19:24:10	14	VE8AT 	-6.1	100	 0.14	   4
19:24:20	14	W6WX  	27.3	  0	 5.68	  39
19:24:30	14	K6TD  	13.5	  0	 5.50	   3
19:24:40	14	ZL6B  	-5.5	100	 0.32	 262
19:24:50	14	VK6RBP	-20.0	100	 0.06	 236
19:25:00	14	JA2IGY	-4.1	100	 0.12	  58
19:25:10	14	RR9O  	-9.3	100	 0.09	 125
19:25:20	14	VR2B  	-0.3	 72	 0.17	  75
19:25:30	14	4S7B  	-7.6	100	 0.13	 118
19:25:40	14	ZS6DN 	-3.0	100	 0.17	 230
19:25:50	14	5Z4B  	-7.3	100	 0.19	  98
19:26:00	14	4X6TU 	-1.8	100	 0.32	 -26
19:26:10	14	OH2B  	-7.0	100	 0.16	   7
19:26:20	14	CS3B  	-9.8	100	 0.14	 -55
19:26:30	14	LU4AA 	-6.8	100	 0.16	 237
19:26:40	14	OA4B  	-8.1	100	 0.05	 100
19:26:50	14	YV5B  	 8.4	  0	 6.70	  57
19:27:00	14	4U1UN 	10.7	  0	 7.25	  51
19:27:10	14	VE8AT 	-16.5	100	 0.09	 -70
19:27:20	14	W6WX  	 7.0	  4	 3.22	  19
19:27:30	14	K6TD  	22.4	  0	 5.45	   2
19:27:40	14	ZL6B  	-5.1	100	 0.07	 256
19:27:50	14	VK6RBP	-4.6	100	 0.21	 285
19:28:00	14	JA2IGY	-5.4	100	 0.10	  76
19:28:10	14	RR9O  	-20.0	100	 0.08	 -18
19:28:20	14	VR2B  	 0.9	 41	 2.65	  70
19:28:30	14	4S7B  	-5.9	100	 0.17	 292
19:28:40	14	ZS6DN 	-3.2	100	 0.11	 227
19:28:50	14	5Z4B  	-4.9	100	 0.27	  76
19:29:00	14	4X6TU 	-9.7	100	 0.34	 -29
19:29:10	14	OH2B  	-6.0	100	 0.14	 -79
19:29:20	14	CS3B  	-8.8	100	 0.12	  91
19:29:30	14	LU4AA 	-10.0	100	 0.09	  15
19:29:40	14	OA4B  	-7.0	100	 0.08	 -16
19:29:50	14	YV5B  	 7.0	  0	 6.12	  52
19:30:00	14	4U1UN 	10.1	  0	 7.57	  46
19:30:10	14	VE8AT 	-6.9	100	 0.13	  45
19:30:20	14	W6WX  	27.1	  0	 6.02	  30
19:30:30	14	K6TD  	22.3	  0	 5.90	  -1
19:30:40	14	ZL6B  	-4.5	100	 0.40	  35
19:30:50	14	VK6RBP	-7.4	100	 0.37	 203
19:31:00	14	JA2IGY	-20.0	100	 0.15	  -8
19:31:10	14	RR9O  	-8.9	100	 0.06	 118
19:31:20	14	VR2B  	 2.2	 35	 2.96	  77
19:31:30	14	4S7B  	-6.9	100	 0.26	 173
19:31:40	14	ZS6DN 	-6.1	100	 0.13	 -37
19:31:50	14	5Z4B  	-1.2	 91	 0.36	 208
19:32:00	14	4X6TU 	-9.2	100	 0.20	  60
19:32:10	14	OH2B  	-5.9	100	 0.16	  37
19:32:20	14	CS3B  	-6.5	100	 0.35	 -26
19:32:30	14	LU4AA 	-13.7	100	 0.14	  -9
19:32:40	14	OA4B  	-6.6	100	 0.09	 287
19:32:50	14	YV5B  	 9.6	  0	 6.18	  60
19:33:00	14	4U1UN 	11.6	  0	 7.12	  51
19:33:10	14	VE8AT 	-8.2	100	 0.11	 173
19:33:20	14	W6WX  	27.7	  0	 6.15	  28
19:33:30	14	K6TD  	21.2	  0	 5.87	  -6
19:33:40	14	ZL6B  	-10.2	100	 0.21	 303
19:33:50	14	VK6RBP	-9.0	100	 0.08	 -28
19:34:00	14	JA2IGY	-5.7	100	 0.53	  69
19:34:10	14	RR9O  	-7.9	100	 0.05	 166
19:34:20	14	VR2B  	-2.5	 91	 0.63	  79
19:34:30	14	4S7B  	-4.0	100	 0.33	 280
19:34:40	14	ZS6DN 	-5.7	100	 0.29	  21
19:34:50	14	5Z4B  	-5.7	100	 0.17	 283
19:35:10	14	OH2B  	-5.2	100	 0.10	  40
19:35:20	14	CS3B  	-12.4	100	 0.07	 185
19:35:30	14	LU4AA 	-6.7	100	 0.19	 302
19:35:40	14	OA4B  	-4.3	100	 0.42	 251
19:35:50	14	YV5B  	11.6	 11	 6.18	  58
19:36:00	14	4U1UN 	 8.2	  8	 6.68	  50
19:36:10	14	VE8AT 	-1.7	 88	 0.19	 -13
19:36:20	14	W6WX  	 7.3	  9	 2.45	  20
19:36:30	14	K6TD  	23.1	  0	 5.68	   0
19:36:40	14	ZL6B  	-13.8	100	 0.15	 -14
19:36:50	14	VK6RBP	-8.1	100	 0.19	 -19
19:37:00	14	JA2IGY	-2.1	 92	 0.57	  76
19:37:10	14	RR9O  	-8.1	100	 0.11	  57
19:37:20	14	VR2B  	 2.1	 41	 3.84	  69
19:37:30	14	4S7B  	-4.4	100	 0.10	 159
19:37:40	14	ZS6DN 	-22.8	100	 0.08	  66
19:37:50	14	5Z4B  	-7.0	100	 0.15	 131
19:38:00	14	4X6TU 	-7.9	100	 0.22	 -32
19:38:10	14	OH2B  	-2.9	100	 0.45	 265
19:38:20	14	CS3B  	-12.3	100	 0.12	  90
19:38:30	14	LU4AA 	-5.4	100	 0.09	 -39
19:38:40	14	OA4B  	-3.5	100	 0.15	 221
19:38:50	14	YV5B  	 7.0	  4	 5.74	  57
19:39:00	14	4U1UN 	 6.0	 23	 4.61	  44
19:39:10	14	VE8AT 	-6.0	100	 0.11	 279
19:39:20	14	W6WX  	27.1	  0	 4.18	  33
19:39:30	14	K6TD  	22.0	  0	 5.92	  -1
19:39:40	14	ZL6B  	-5.8	100	 0.12	 147
19:39:50	14	VK6RBP	-5.3	100	 0.11	  48
19:40:00	14	JA2IGY	-8.0	100	 0.18	 253
19:40:10	14	RR9O  	-5.4	100	 0.08	  55
19:40:20	14	VR2B  	 2.2	 48	 2.53	  78
19:40:30	14	4S7B  	-5.7	100	 0.22	 172
19:40:40	14	ZS6DN 	-6.6	100	 0.12	  -3
19:40:50	14	5Z4B  	-6.9	100	 0.28	  66
19:41:00	14	4X6TU 	-8.5	100	 0.09	 266
19:41:10	14	OH2B  	-5.8	100	 0.11	 -78
19:41:20	14	CS3B  	-5.3	100	 0.25	 258
19:41:30	14	LU4AA 	-4.1	100	 0.36	  51
19:41:40	14	OA4B  	-4.3	100	 0.40	  63
19:41:50	14	YV5B  	14.0	  0	 6.84	  60
19:42:00	14	4U1UN 	 9.0	  0	 7.47	  51
19:42:10	14	VE8AT 	-6.2	100	 0.14	  31
19:42:20	14	W6WX  	 7.2	  6	 3.55	  12
19:42:30	14	K6TD  	21.8	  0	 5.85	  -6
19:42:40	14	ZL6B  	-4.7	100	 0.18	 121
19:42:50	14	VK6RBP	-20.0	100	 0.09	 -58
19:43:00	14	JA2IGY	-5.1	100	 0.33	  59
19:43:10	14	RR9O  	-3.6	100	 0.63	  83
19:43:20	14	VR2B  	-0.1	 59	 1.30	  78
19:43:30	14	4S7B  	-5.4	100	 0.15	 250
19:43:40	14	ZS6DN 	-8.8	100	 0.11	 288
19:43:50	14	5Z4B  	-4.0	100	 0.25	 118
19:44:00	14	4X6TU 	-4.0	 94	 0.21	 227
19:44:10	14	OH2B  	-4.8	100	 0.09	  88
19:44:20	14	CS3B  	-6.9	100	 0.10	 296
19:44:30	14	LU4AA 	-20.0	100	 0.05	  79
19:44:40	14	OA4B  	-4.1	100	 0.16	 -21
19:44:50	14	YV5B  	 8.8	  4	 6.22	  57
19:45:00	14	4U1UN 	 4.0	 19	 5.09	  50
19:45:10	14	VE8AT 	-5.1	100	 0.22	  96
19:45:20	14	W6WX  	 5.3	  9	 2.63	  49
19:45:30	14	K6TD  	24.7	  0	 5.92	   2
19:45:40	14	ZL6B  	-6.9	100	 0.09	 -30
19:45:50	14	VK6RBP	-6.3	100	 0.17	 139
19:46:00	14	JA2IGY	-5.7	100	 0.17	 159
19:46:10	14	RR9O  	-5.8	100	 0.19	 259
19:46:20	14	VR2B  	 0.0	 52	 2.17	  71
19:46:30	14	4S7B  	-5.3	100	 0.14	 152
19:46:40	14	ZS6DN 	-7.3	100	 0.13	 184
19:46:50	14	5Z4B  	-6.1	100	 0.09	  47
19:47:00	14	4X6TU 	-4.7	100	 0.14	 127
19:47:10	14	OH2B  	-5.5	100	 0.08	 295
19:47:20	14	CS3B  	-7.4	100	 0.14	 141
19:47:30	14	LU4AA 	-5.6	100	 0.32	  77
19:47:40	14	OA4B  	-3.9	100	 0.48	 -41
19:47:50	14	YV5B  	 8.3	  0	 6.54	  55
19:48:00	14	4U1UN 	 5.2	 12	 6.24	  42
19:48:10	14	VE8AT 	-4.8	100	 0.35	  38
19:48:20	14	W6WX  	 8.5	  4	 3.92	  18
19:48:30	14	K6TD  	14.4	  0	 5.76	   0
19:48:40	14	ZL6B  	-3.5	100	 0.20	 298
19:48:50	14	VK6RBP	-6.4	100	 0.18	  -3
19:49:00	14	JA2IGY	-2.4	 92	 0.18	 -33
19:49:10	14	RR9O  	-2.7	 96	 0.14	  95
19:49:20	14	VR2B  	-1.2	 76	 0.41	  78
19:49:30	14	4S7B  	-7.5	100	 0.09	 162
19:49:40	14	ZS6DN 	-5.4	100	 0.27	 203
19:49:50	14	5Z4B  	-4.9	100	 0.15	  46
19:50:00	14	4X6TU 	-5.1	100	 0.24	  86
19:50:10	14	OH2B  	-4.6	100	 0.28	  66
19:50:20	14	CS3B  	-7.5	100	 0.13	 158
19:50:30	14	LU4AA 	-4.6	100	 0.11	  49
19:50:40	14	OA4B  	-5.1	100	 0.18	 -21
19:50:50	14	YV5B  	 7.3	 44	 3.49	  59
19:51:00	14	4U1UN 	 3.8	 29	 4.74	  54
19:51:10	14	VE8AT 	-15.4	100	 0.19	 126
19:51:20	14	W6WX  	 7.2	  4	 3.26	  12
19:51:30	14	K6TD  	12.6	  0	 4.08	  -1
19:51:40	14	ZL6B  	-5.7	100	 0.13	 197
19:51:50	14	VK6RBP	-20.0	100	 0.08	 287
19:52:00	14	JA2IGY	-7.6	100	 0.11	 -44
19:52:10	14	RR9O  	-10.4	 96	 0.28	 290
19:52:20	14	VR2B  	-2.7	100	 0.56	  79
19:52:30	14	4S7B  	-5.0	100	 0.17	 104
19:52:40	14	ZS6DN 	-8.2	100	 0.26	  33
19:52:50	14	5Z4B  	-5.5	100	 0.18	 203
19:53:00	14	4X6TU 	-2.7	 85	 0.13	 152
19:53:10	14	OH2B  	-6.0	100	 0.12	 155
19:53:20	14	CS3B  	-5.8	100	 0.13	 -25
19:53:30	14	LU4AA 	-8.1	100	 0.14	 206
19:53:40	14	OA4B  	-5.8	100	 0.14	  94
19:53:50	14	YV5B  	 5.8	 24	 5.10	  58
19:54:00	14	4U1UN 	 5.8	 37	 5.07	  51
19:54:10	14	VE8AT 	-9.6	100	 0.14	 175
19:54:20	14	W6WX  	27.2	  0	 6.31	  36
19:54:30	14	K6TD  	23.5	  0	 5.92	   3
19:54:40	14	ZL6B  	-4.0	100	 0.11	  -5
19:54:50	14	VK6RBP	-17.0	100	 0.08	 140
19:55:00	14	JA2IGY	-7.9	100	 0.09	  47
19:55:10	14	RR9O  	-7.6	100	 0.12	 -46
19:55:20	14	VR2B  	 0.2	 50	 2.74	  69
19:55:30	14	4S7B  	-7.1	100	 0.10	 264
19:55:40	14	ZS6DN 	-12.5	100	 0.14	  67
19:55:50	14	5Z4B  	-7.1	100	 0.19	  64
19:56:00	14	4X6TU 	-4.3	100	 0.22	  64
19:56:10	14	OH2B  	-9.9	100	 0.09	 126
19:56:20	14	CS3B  	-4.3	100	 0.06	 211
19:56:30	14	LU4AA 	-8.6	100	 0.11	  88
19:56:40	14	OA4B  	-8.0	100	 0.08	 135
19:56:50	14	YV5B  	 9.8	  0	 6.59	  55
19:57:00	14	4U1UN 	 8.4	  0	 6.98	  48
19:57:10	14	VE8AT 	-5.2	100	 0.10	  15
19:57:20	14	W6WX  	27.1	  0	 6.48	  34
19:57:30	14	K6TD  	22.4	  0	 5.92	  -2
19:57:40	14	ZL6B  	-4.9	100	 0.18	 -27
19:57:50	14	VK6RBP	-7.5	100	 0.13	  78
19:58:00	14	JA2IGY	-10.2	100	 0.07	  10
19:58:10	14	RR9O  	-6.2	100	 0.09	 287
19:58:20	14	VR2B  	-2.5	 93	 1.29	  75
19:58:30	14	4S7B  	-8.0	100	 0.13	  72
19:58:40	14	ZS6DN 	-5.3	100	 0.09	  32
19:58:50	14	5Z4B  	-20.0	100	 0.20	  18
19:59:00	14	4X6TU 	-10.7	100	 0.06	 187
19:59:10	14	OH2B  	-2.7	100	 0.18	 -22
19:59:20	14	CS3B  	-10.5	100	 0.12	 231
19:59:30	14	LU4AA 	-6.9	100	 0.11	 298
19:59:40	14	OA4B  	-3.9	100	 0.13	 -30
19:59:50	14	YV5B  	 3.4	 24	 4.67	  63
20:00:00	14	4U1UN 	 8.1	 23	 5.42	  54
20:00:10	14	VE8AT 	-8.9	100	 0.06	 106
20:00:20	14	W6WX  	27.1	  0	 6.76	  27
20:00:30	14	K6TD  	12.4	  0	 5.57	  -4
20:00:40	14	ZL6B  	-10.8	100	 0.08	  26
20:00:50	14	VK6RBP	-15.9	100	 0.13	 -10
20:01:00	14	JA2IGY	-2.6	 90	 0.88	 137
20:01:10	14	RR9O  	-6.7	100	 0.30	 -46
20:01:20	14	VR2B  	-2.1	 87	 0.69	  77
20:01:30	14	4S7B  	-7.1	100	 0.09	 -49
20:01:40	14	ZS6DN 	-5.6	100	 0.35	  10
20:02:00	14	4X6TU 	-3.4	100	 0.08	  21
20:02:10	14	OH2B  	-4.8	100	 0.17	  80
20:02:20	14	CS3B  	-7.7	100	 0.15	 -11
20:02:30	14	LU4AA 	-4.3	100	 0.17	 270
20:02:40	14	OA4B  	-6.6	100	 0.20	 250
20:02:50	14	YV5B  	 7.7	  4	 5.76	  58
20:03:00	14	4U1UN 	 4.7	  0	 6.90	  49
20:03:10	14	VE8AT 	-20.0	100	 0.12	 258
20:03:20	14	W6WX  	24.3	  0	 3.87	  37
20:03:30	14	K6TD  	21.0	  0	 5.46	   6
20:03:40	14	ZL6B  	-16.4	100	 0.19	 120
20:03:50	14	VK6RBP	-4.9	100	 0.14	 260
20:04:00	14	JA2IGY	-7.0	100	 0.18	 -18
20:04:10	14	RR9O  	-7.8	100	 0.12	 107
20:04:20	14	VR2B  	-2.1	 76	 0.28	  78
20:04:30	14	4S7B  	-5.8	100	 0.20	 257
20:04:40	14	ZS6DN 	-5.5	100	 0.25	  71
20:04:50	14	5Z4B  	-4.6	 98	 0.42	 183
20:05:00	14	4X6TU 	-5.5	100	 0.31	  43
20:05:10	14	OH2B  	-8.9	100	 0.06	 -80
20:05:20	14	CS3B  	-2.8	100	 0.11	  75
20:05:30	14	LU4AA 	-6.4	100	 0.24	  53
20:05:40	14	OA4B  	-3.0	100	 0.28	 187
20:05:50	14	YV5B  	 7.5	  7	 6.16	  56
20:06:00	14	4U1UN 	 8.7	  4	 6.95	  46
20:06:10	14	VE8AT 	-20.0	100	 0.04	  97
20:06:20	14	W6WX  	 7.4	  6	 3.42	  20
20:06:30	14	K6TD  	11.4	  0	 5.17	  -1
20:06:40	14	ZL6B  	-9.2	100	 0.05	  -1
20:06:50	14	VK6RBP	-20.0	100	 0.06	  26
20:07:00	14	JA2IGY	-3.7	100	 0.47	  10
20:07:10	14	RR9O  	-8.8	100	 0.07	  -2
20:07:20	14	VR2B  	-20.0	100	 0.08	 -47
20:07:30	14	4S7B  	-5.3	100	 0.22	 282
20:07:40	14	ZS6DN 	-9.5	100	 0.13	 100
20:07:50	14	5Z4B  	-5.1	100	 0.23	 303
20:08:00	14	4X6TU 	-5.4	100	 0.22	 -13
20:08:10	14	OH2B  	-6.7	100	 0.11	 -51
20:08:20	14	CS3B  	-3.9	100	 0.18	 134
20:08:30	14	LU4AA 	-5.4	100	 0.19	 223
20:08:40	14	OA4B  	-5.7	100	 0.09	  60
20:08:50	14	YV5B  	 5.2	 38	 4.08	  62
20:09:00	14	4U1UN 	 7.4	 13	 5.74	  47
20:09:10	14	VE8AT 	-2.9	100	 0.09	 137
20:09:20	14	W6WX  	26.3	  0	 3.50	  30
20:09:30	14	K6TD  	22.0	  0	 5.91	  -2
20:09:40	14	ZL6B  	-9.3	100	 0.09	 292
20:09:50	14	VK6RBP	-10.4	100	 0.13	 222
20:10:00	14	JA2IGY	-6.6	100	 0.18	  -5
20:10:10	14	RR9O  	-4.6	100	 0.11	   2
20:10:20	14	VR2B  	-4.5	100	 0.30	  90
20:10:30	14	4S7B  	-4.8	100	 0.05	 300
20:10:40	14	ZS6DN 	-2.5	100	 0.33	 203
20:10:50	14	5Z4B  	-5.0	100	 0.11	 233
20:11:00	14	4X6TU 	-8.4	100	 0.13	 187
20:11:10	14	OH2B  	-20.0	100	 0.11	 218
20:11:20	14	CS3B  	-5.7	100	 0.14	  -2
20:11:30	14	LU4AA 	-1.7	100	 0.67	 300
20:11:40	14	OA4B  	-13.2	100	 0.09	 167
20:11:50	14	YV5B  	 5.9	 31	 4.05	  60
20:12:00	14	4U1UN 	 6.3	 25	 5.15	  54
20:12:10	14	VE8AT 	-4.4	100	 0.16	 -82
20:12:20	14	W6WX  	28.1	  0	 3.00	  37
20:12:30	14	K6TD  	12.7	  0	 5.77	  -5
20:12:40	14	ZL6B  	-6.8	100	 0.09	 175
20:12:50	14	VK6RBP	-6.7	100	 0.20	 317
20:13:10	28	K6TD  	-5.4	100	 0.23	  -6
20:13:20	28	ZL6B  	-5.6	100	 0.15	  81
20:13:30	28	VK6RBP	-3.3	100	 0.38	  60
20:13:40	28	JA2IGY	-7.4	100	 0.10	 -73
20:13:50	28	RR9O  	-3.1	 94	 0.08	  40
20:14:00	28	VR2B  	-3.1	 91	 0.34	  98
20:14:10	28	4S7B  	-4.8	100	 0.12	 234
20:14:20	28	ZS6DN 	-2.6	100	 0.16	  38
20:14:30	28	5Z4B  	-7.6	100	 0.16	 120
20:14:40	28	4X6TU 	-5.0	100	 0.18	 276
20:14:50	28	OH2B  	-1.4	 79	 0.23	 172
20:15:10	14	VE8AT 	-6.5	100	 0.06	 281
20:15:20	14	W6WX  	27.8	  0	 6.58	  35
20:15:30	14	K6TD  	25.6	  0	 5.90	  -1
20:15:40	14	ZL6B  	-4.9	100	 0.27	 239
20:15:50	14	VK6RBP	-11.4	100	 0.06	   7
20:16:00	14	JA2IGY	-5.4	100	 0.54	 227
20:16:10	14	RR9O  	-7.0	100	 0.06	  98
20:16:20	14	VR2B  	-3.0	100	 0.39	  70
20:16:30	14	4S7B  	-5.5	100	 0.24	 -17
20:16:40	14	ZS6DN 	-5.5	100	 0.09	  94
20:16:50	14	5Z4B  	-5.4	100	 0.13	 159
20:17:00	14	4X6TU 	-3.9	100	 0.12	 167
20:17:10	14	OH2B  	-10.2	100	 0.10	  32
20:17:20	14	CS3B  	-17.4	100	 0.12	 -55
20:17:30	14	LU4AA 	-5.1	100	 0.41	 154
20:17:40	14	OA4B  	-3.8	100	 0.54	 126
20:17:50	14	YV5B  	 5.6	 33	 2.95	  60
20:18:00	18	YV5B  	-3.4	100	 1.01	  45
20:18:10	18	4U1UN 	 8.2	 13	 6.94	  46
20:18:20	18	VE8AT 	-5.3	100	 0.19	  -5
20:18:30	18	W6WX  	16.9	  0	 5.63	  35
20:18:40	18	K6TD  	12.8	  0	 5.89	  -2
20:18:50	18	ZL6B  	-2.6	 93	 0.45	 -15
20:19:00	18	VK6RBP	-5.4	100	 0.12	 264
20:19:10	18	JA2IGY	-20.0	100	 0.10	 298
20:19:20	18	RR9O  	-7.7	100	 0.12	 -43
20:19:30	18	VR2B  	-2.9	100	 0.54	  74
20:19:40	18	4S7B  	-15.8	100	 0.04	  49
20:19:50	18	ZS6DN 	-7.2	100	 0.17	  98
20:20:00	18	5Z4B  	-10.6	100	 0.12	   8
20:20:10	18	4X6TU 	-14.4	100	 0.11	 177
20:20:20	18	OH2B  	-4.6	100	 0.11	  68
20:20:30	18	CS3B  	-20.0	100	 0.14	  75
20:20:40	18	LU4AA 	-5.5	100	 0.14	  70
20:20:50	18	OA4B  	 4.8	 23	 5.32	  61
20:21:00	21	OA4B  	12.7	  2	 5.56	  62
20:21:10	21	YV5B  	11.1	  0	 6.73	  60
20:21:20	21	4U1UN 	17.4	  0	 7.72	  53
20:21:30	21	VE8AT 	-4.1	100	 0.12	 -66
20:21:40	21	W6WX  	26.1	  0	 6.76	  30
20:21:50	21	K6TD  	22.8	  0	 5.89	  -5
20:22:00	21	ZL6B  	-1.2	 62	 1.56	  74
20:22:10	21	VK6RBP	-6.9	100	 0.17	 245
20:22:20	21	JA2IGY	-4.3	100	 0.11	 169
20:22:30	21	RR9O  	-8.4	100	 0.09	 233
20:22:40	21	VR2B  	-3.9	100	 0.30	  74
20:22:50	21	4S7B  	-9.4	100	 0.16	  32
20:23:00	21	ZS6DN 	-6.4	100	 0.14	 313
20:23:10	21	5Z4B  	-9.0	100	 0.14	  67
20:23:20	21	4X6TU 	-4.6	100	 0.14	 304
20:23:30	21	OH2B  	-5.1	100	 0.19	 259
20:23:40	21	CS3B  	-7.0	100	 0.17	 271
20:23:50	21	LU4AA 	-5.2	100	 0.13	  39
20:24:00	24	LU4AA 	-9.1	100	 0.18	 263
20:24:10	24	OA4B  	 5.7	  0	 5.55	  61
20:24:20	24	YV5B  	-5.9	100	 0.16	 196
20:24:30	24	4U1UN 	-6.4	100	 0.10	 169
20:24:40	24	VE8AT 	-8.2	100	 0.18	  93
20:24:50	24	W6WX  	22.5	  0	 6.71	  42
20:25:00	24	K6TD  	21.4	  0	 5.91	   5
20:25:10	24	ZL6B  	-3.3	100	 0.33	 248
20:25:20	24	VK6RBP	-7.0	100	 0.67	 114
20:25:30	24	JA2IGY	-1.4	 79	 1.62	  67
20:25:40	24	RR9O  	-5.6	100	 0.17	  58
20:25:50	24	VR2B  	-6.3	100	 0.08	 117
20:26:00	24	4S7B  	-4.6	100	 0.09	 -44
20:26:10	24	ZS6DN 	-4.6	100	 0.40	 280
20:26:20	24	5Z4B  	-6.3	100	 0.09	  48
20:26:30	24	4X6TU 	-5.1	100	 0.15	 276
20:26:40	24	OH2B  	-6.9	100	 0.28	 216
20:26:50	24	CS3B  	-18.9	100	 0.07	  37
20:27:00	28	CS3B  	-4.0	100	 0.14	  56
20:27:10	28	LU4AA 	-2.9	100	 0.34	 143
20:27:20	28	OA4B  	-2.4	100	 0.19	 266
20:27:30	28	YV5B  	-6.2	100	 0.28	 284
20:27:40	28	4U1UN 	-6.6	100	 0.13	 111
20:27:50	28	VE8AT 	-9.5	100	 0.13	 256
20:28:00	28	W6WX  	-5.7	100	 0.24	 -59
20:28:10	28	K6TD  	-2.2	 90	 0.23	 -12
20:28:20	28	ZL6B  	-2.1	 89	 0.31	 237
20:28:30	28	VK6RBP	-7.6	100	 0.17	  89
20:28:40	28	JA2IGY	-15.3	100	 0.17	  55
20:28:50	28	RR9O  	-6.0	100	 0.07	 -16
20:29:00	28	VR2B  	-8.0	100	 0.20	 -71
20:29:10	28	4S7B  	-5.7	100	 0.13	 -12
20:29:20	28	ZS6DN 	-12.9	100	 0.14	 -52
20:29:30	28	5Z4B  	-2.1	 93	 0.65	 178
20:29:40	28	4X6TU 	-5.0	100	 0.54	 203
20:29:50	28	OH2B  	-9.1	100	 0.10	 -77
20:30:00	14	4U1UN 	-6.0	100	 0.24	 173
20:30:10	14	VE8AT 	-5.3	100	 0.11	 151
20:30:20	14	W6WX  	26.9	  0	 4.67	  29
20:30:30	14	K6TD  	13.8	  0	 4.65	  -3
20:30:40	14	ZL6B  	-5.9	100	 0.10	  38
20:31:00	14	JA2IGY	-7.2	100	 0.15	 -81
20:31:10	14	RR9O  	-6.2	100	 0.13	  50
20:31:20	14	VR2B  	-4.7	100	 0.15	  74
20:31:30	14	4S7B  	-11.6	100	 0.05	 117
20:31:40	14	ZS6DN 	-10.8	100	 0.08	 215
20:31:50	14	5Z4B  	-6.6	100	 0.12	 197
20:32:00	14	4X6TU 	-5.3	100	 0.21	 130
20:32:10	14	OH2B  	-6.2	100	 0.08	 -74
20:32:20	14	CS3B  	-2.3	100	 0.25	 299
20:32:30	14	LU4AA 	-4.8	100	 0.45	 145
20:32:40	14	OA4B  	-4.7	100	 0.21	 200
20:32:50	14	YV5B  	15.5	  0	 6.73	  57
20:33:00	18	YV5B  	 6.0	  0	 6.16	  59
20:33:10	18	4U1UN 	24.7	  0	 7.73	  51
20:33:20	18	VE8AT 	-7.8	100	 0.27	  84
20:33:30	18	W6WX  	24.4	  0	 6.07	  37
20:33:40	18	K6TD  	13.5	  0	 5.89	   3
20:33:50	18	ZL6B  	-5.2	 93	 0.22	  18
20:34:00	18	VK6RBP	-18.9	100	 0.17	 233
20:34:10	18	JA2IGY	-8.4	100	 0.11	 293
20:34:20	18	RR9O  	-6.7	100	 0.26	 -68
20:34:30	18	VR2B  	 1.2	 41	 3.43	  71
20:34:40	18	4S7B  	-5.2	100	 0.16	 150
20:34:50	18	ZS6DN 	-7.3	100	 0.11	 149
20:35:00	18	5Z4B  	-11.0	100	 0.29	 106
20:35:10	18	4X6TU 	-8.7	100	 0.12	 -23
20:35:20	18	OH2B  	-5.8	100	 0.11	 203
20:35:30	18	CS3B  	-6.0	100	 0.27	 -38
20:35:40	18	LU4AA 	-7.7	100	 0.14	 -73
20:35:50	18	OA4B  	12.1	  0	 6.30	  54
20:36:00	21	OA4B  	 4.8	 18	 3.14	  56
20:36:10	21	YV5B  	 6.9	 16	 5.60	  53
20:36:20	21	4U1UN 	22.3	  0	 7.73	  46
20:36:30	21	VE8AT 	-6.2	100	 0.13	 -41
20:36:40	21	W6WX  	26.0	  0	 6.76	  35
20:36:50	21	K6TD  	19.3	  0	 5.88	   0
20:37:00	21	ZL6B  	-4.4	100	 0.23	  77
20:37:10	21	VK6RBP	-5.8	100	 0.38	  69
20:37:20	21	JA2IGY	-6.0	100	 0.14	 120
20:37:30	21	RR9O  	-6.1	100	 0.24	 -73
20:37:40	21	VR2B  	-5.9	100	 0.22	 188
20:37:50	21	4S7B  	-5.9	100	 0.17	 285
20:38:00	21	ZS6DN 	-6.1	100	 0.16	 168
20:38:10	21	5Z4B  	-5.4	 93	 0.14	 251
20:38:20	21	4X6TU 	-4.8	100	 0.13	 114
20:38:30	21	OH2B  	-5.9	100	 0.28	  36
20:38:40	21	CS3B  	-4.3	100	 0.16	 132
20:38:50	21	LU4AA 	-5.6	100	 0.08	 206
20:39:00	24	LU4AA 	-5.7	100	 0.07	  24
20:39:10	24	OA4B  	13.4	  0	 6.31	  65
20:39:20	24	YV5B  	-6.0	100	 0.17	 184
20:39:30	24	4U1UN 	-5.1	 94	 0.29	 130
20:39:40	24	VE8AT 	-4.4	100	 0.22	 -62
20:39:50	24	W6WX  	22.5	  0	 6.71	  33
20:40:00	24	K6TD  	20.9	  0	 5.92	  -1
20:40:10	24	ZL6B  	-7.0	100	 0.33	 216
20:40:20	24	VK6RBP	-5.5	100	 0.09	  76
20:40:30	24	JA2IGY	-5.2	100	 0.15	  15
20:40:40	24	RR9O  	-20.0	100	 0.09	 260
20:40:50	24	VR2B  	-6.7	100	 0.07	 223
20:41:00	24	4S7B  	-6.9	100	 0.09	 -24
20:41:10	24	ZS6DN 	-7.9	100	 0.14	 321
20:41:20	24	5Z4B  	-7.5	100	 0.29	 266
20:41:30	24	4X6TU 	-7.2	100	 0.07	 127
20:41:40	24	OH2B  	-5.8	100	 0.25	 297
20:41:50	24	CS3B  	-6.5	100	 0.16	 137
20:42:00	28	CS3B  	-4.9	100	 0.19	 -52
20:42:10	28	LU4AA 	-3.8	 95	 0.13	 133
20:42:20	28	OA4B  	-2.5	100	 0.06	 101
20:42:30	28	YV5B  	-1.5	 76	 0.14	  62
20:42:40	28	4U1UN 	-20.0	100	 0.08	 152
20:42:50	28	VE8AT 	-2.7	 95	 0.24	 -13
20:43:00	28	W6WX  	-2.9	100	 0.16	  53
20:43:10	28	K6TD  	-3.1	100	 0.12	 108
20:43:20	28	ZL6B  	-4.4	100	 0.13	 148
20:43:30	28	VK6RBP	-5.6	100	 0.10	 251
20:43:40	28	JA2IGY	-20.0	100	 0.04	  25
20:43:50	28	RR9O  	-1.0	 80	 0.08	 -55
20:44:00	28	VR2B  	-4.6	100	 0.20	 129
20:44:10	28	4S7B  	-5.7	100	 0.24	 -59
20:44:20	28	ZS6DN 	-9.8	100	 0.17	 282
20:44:30	28	5Z4B  	-2.5	 98	 0.15	  71
20:44:40	28	4X6TU 	-3.7	100	 0.24	 -12
20:44:50	28	OH2B  	-2.9	100	 0.13	  35
20:45:00	14	4U1UN 	-6.2	100	 0.15	  48
20:45:10	14	VE8AT 	-4.4	100	 0.13	 -56
20:45:20	14	W6WX  	27.3	  0	 5.52	  32
20:45:30	14	K6TD  	12.3	  0	 5.90	   2
20:45:40	14	ZL6B  	-9.1	100	 0.08	   7
20:45:50	14	VK6RBP	-3.4	100	 0.29	 -32
20:46:00	14	JA2IGY	-10.8	100	 0.14	 245
20:46:10	14	RR9O  	-5.8	100	 0.09	 231
20:46:20	14	VR2B  	-1.7	 80	 1.37	  84
20:46:30	14	4S7B  	-9.6	100	 0.07	 217
20:46:40	14	ZS6DN 	-3.6	100	 0.08	 132
20:46:50	14	5Z4B  	-7.9	100	 0.25	  51
20:47:00	14	4X6TU 	-7.7	100	 0.12	 195
20:47:10	14	OH2B  	-5.5	100	 0.06	 175
20:47:20	14	CS3B  	-9.0	100	 0.13	 -78
20:47:30	14	LU4AA 	-13.3	100	 0.07	 155
20:47:40	14	OA4B  	-5.1	100	 0.38	 134
20:47:50	14	YV5B  	13.0	  0	 6.75	  65
20:48:00	18	YV5B  	 5.4	  9	 5.28	  61
20:48:10	18	4U1UN 	15.4	  0	 7.66	  46
20:48:20	18	VE8AT 	-4.2	100	 0.09	  64
20:48:30	18	W6WX  	19.9	  6	 5.21	  25
20:48:40	18	K6TD  	13.5	  0	 5.83	  -1
20:48:50	18	ZL6B  	-6.7	100	 0.18	   1
20:49:00	18	VK6RBP	-20.0	100	 0.07	 128
20:49:10	18	JA2IGY	-7.1	100	 0.24	 139
20:49:20	18	RR9O  	-4.4	100	 0.10	  30
20:49:30	18	VR2B  	 5.4	 24	 4.31	  79
20:49:40	18	4S7B  	-5.9	100	 0.30	 274
20:49:50	18	ZS6DN 	-6.3	100	 0.09	  -8
20:50:00	18	5Z4B  	-7.8	100	 0.13	  16
20:50:10	18	4X6TU 	-6.4	100	 0.37	 306
20:50:20	18	OH2B  	-7.1	100	 0.14	 136
20:50:30	18	CS3B  	-7.0	100	 0.27	  38
20:50:40	18	LU4AA 	-5.8	100	 0.17	 103
20:50:50	18	OA4B  	 3.5	 55	 3.27	  63
20:51:00	21	OA4B  	 4.5	 14	 3.97	  61
20:51:10	21	YV5B  	16.2	  0	 6.87	  58
20:51:20	21	4U1UN 	19.8	  0	 7.73	  53
20:51:30	21	VE8AT 	-7.3	100	 0.07	 168
20:51:40	21	W6WX  	26.2	  0	 6.76	  28
20:51:50	21	K6TD  	18.4	  0	 5.91	  -4
20:52:00	21	ZL6B  	-4.6	100	 0.23	 -45
20:52:10	21	VK6RBP	-8.0	100	 0.29	 149
20:52:20	21	JA2IGY	-7.5	100	 0.20	  81
20:52:30	21	RR9O  	-6.1	100	 0.10	 -50
20:52:40	21	VR2B  	-4.2	100	 0.24	  71
20:52:50	21	4S7B  	-9.6	100	 0.10	 -59
20:53:00	21	ZS6DN 	-6.0	100	 0.17	 111
20:53:10	21	5Z4B  	-14.2	100	 0.10	 287
20:53:20	21	4X6TU 	-5.8	100	 0.12	 262
20:53:30	21	OH2B  	-8.5	100	 0.28	 107
20:53:40	21	CS3B  	-4.8	100	 0.15	 292
20:53:50	21	LU4AA 	-4.5	 93	 0.38	 121
20:54:00	24	LU4AA 	-6.6	100	 0.11	 258
20:54:10	24	OA4B  	 6.5	  9	 4.99	  57
20:54:20	24	YV5B  	-7.6	100	 0.18	  70
20:54:30	24	4U1UN 	-6.1	100	 0.13	 -93
20:54:40	24	VE8AT 	-20.0	100	 0.11	 282
20:54:50	24	W6WX  	23.2	  0	 6.44	  32
20:55:00	24	K6TD  	22.8	  0	 5.92	   2
20:55:10	24	ZL6B  	-4.9	100	 0.21	 197
20:55:20	24	VK6RBP	-5.5	100	 0.28	  68
20:55:30	24	JA2IGY	-4.9	100	 0.16	  62
20:55:40	24	RR9O  	-5.8	100	 0.20	 -11
20:55:50	24	VR2B  	-4.5	100	 0.20	 -53
20:56:00	24	4S7B  	-20.0	100	 0.06	 104
20:56:10	24	ZS6DN 	-4.3	100	 0.23	 -31
20:56:20	24	5Z4B  	-6.2	100	 0.14	 -20
20:56:30	24	4X6TU 	-6.6	100	 0.11	 202
20:56:40	24	OH2B  	-6.5	100	 0.30	  39
20:56:50	24	CS3B  	-6.0	100	 0.09	 -35
20:57:00	28	CS3B  	-2.3	100	 0.23	  36
20:57:10	28	LU4AA 	-7.1	100	 0.09	  95
20:57:20	28	OA4B  	-6.2	100	 0.14	 223
20:57:30	28	YV5B  	-3.2	 93	 0.15	 190
20:57:40	28	4U1UN 	-2.2	100	 0.15	   9
20:57:50	28	VE8AT 	-4.4	100	 0.08	 -35
20:58:00	28	W6WX  	-4.8	100	 0.41	  68
20:58:10	28	K6TD  	-5.4	100	 0.09	  37
20:58:20	28	ZL6B  	-9.2	100	 0.12	 128
20:58:30	28	VK6RBP	-6.2	100	 0.17	  87
20:58:40	28	JA2IGY	-10.5	100	 0.06	 -52
20:58:50	28	RR9O  	-7.9	100	 0.19	 172
20:59:00	28	VR2B  	-3.8	100	 0.16	   4
20:59:10	28	4S7B  	-6.4	100	 0.28	 317
20:59:20	28	ZS6DN 	-7.4	100	 0.11	 -46
20:59:30	28	5Z4B  	-6.1	100	 0.23	 206
20:59:40	28	4X6TU 	-9.5	100	 0.12	 227
20:59:50	28	OH2B  	-10.7	100	 0.09	  98
21:00:00	14	4U1UN 	-1.0	 65	 0.42	  54
21:00:10	14	VE8AT 	-3.4	100	 0.18	 -89
21:00:20	14	W6WX  	26.0	  0	 6.76	  37
21:00:30	14	K6TD  	23.9	  0	 5.90	   4
21:00:40	14	ZL6B  	-9.0	100	 0.11	 -20
21:00:50	14	VK6RBP	-5.9	100	 0.12	 210
21:01:00	14	JA2IGY	-6.4	100	 0.11	 101
21:01:10	14	RR9O  	-5.6	100	 0.22	   9
21:01:20	14	VR2B  	-2.6	 85	 0.21	  95
21:01:30	14	4S7B  	-5.2	 95	 0.09	 157
21:01:40	14	ZS6DN 	-5.9	100	 0.25	 269
21:01:50	14	5Z4B  	-5.9	100	 0.23	 156
21:02:00	14	4X6TU 	-12.6	100	 0.05	  56
21:02:10	14	OH2B  	-8.8	100	 0.05	 153
21:02:20	14	CS3B  	-4.4	100	 0.31	  10
21:02:30	14	LU4AA 	-20.0	100	 0.09	  -6
21:02:40	14	OA4B  	-2.2	100	 0.29	  62
21:02:50	14	YV5B  	12.6	  0	 5.70	  57
21:03:00	18	YV5B  	 6.3	 40	 3.16	  56
21:03:10	18	4U1UN 	 6.2	 17	 6.25	  48
21:03:20	18	VE8AT 	-5.2	100	 0.14	  -5
21:03:30	18	W6WX  	21.1	  6	 5.50	  29
21:03:40	18	K6TD  	13.5	  0	 5.91	   4
21:03:50	18	ZL6B  	-4.1	 93	 0.24	 127
21:04:00	18	VK6RBP	-10.6	100	 0.04	 269
21:04:10	18	JA2IGY	-7.1	100	 0.14	 -67
21:04:20	18	RR9O  	-5.0	100	 0.20	 149
21:04:30	18	VR2B  	 6.2	  0	 5.84	  71
21:04:40	18	4S7B  	-6.6	100	 0.10	  67
21:04:50	18	ZS6DN 	-7.4	100	 0.08	 289
21:05:00	18	5Z4B  	-6.2	100	 0.16	 118
21:05:10	18	4X6TU 	-8.4	100	 0.18	  14
21:05:20	18	OH2B  	-5.4	100	 0.26	  43
21:05:30	18	CS3B  	-6.0	100	 0.11	 141
21:05:40	18	LU4AA 	-5.0	100	 0.37	 269
21:05:50	18	OA4B  	13.2	  0	 6.42	  55
21:06:00	21	OA4B  	 1.5	 32	 3.36	  56
21:06:10	21	YV5B  	 7.7	 13	 5.62	  53
21:06:20	21	4U1UN 	 7.3	  6	 7.20	  46
21:06:30	21	VE8AT 	-5.3	100	 0.21	 -61
21:06:40	21	W6WX  	29.9	  0	 6.76	  33
21:06:50	21	K6TD  	14.2	  0	 5.79	   0
21:07:00	21	ZL6B  	-4.0	 89	 0.25	  70
21:07:10	21	VK6RBP	-6.9	100	 0.07	 316
21:07:30	21	RR9O  	-9.8	100	 0.10	 -36
21:07:40	21	VR2B  	-8.3	100	 0.06	 -40
21:07:50	21	4S7B  	-13.4	100	 0.23	 253
21:08:00	21	ZS6DN 	-5.5	100	 0.22	 213
21:08:10	21	5Z4B  	-7.2	100	 0.08	 239
21:08:20	21	4X6TU 	-6.4	100	 0.27	  45
21:08:30	21	OH2B  	-6.3	100	 0.08	 170
21:08:40	21	CS3B  	-4.2	100	 0.14	 109
21:08:50	21	LU4AA 	-8.1	100	 0.16	  79
21:09:00	24	LU4AA 	-6.8	100	 0.11	 190
21:09:10	24	OA4B  	-5.7	100	 0.18	 187
21:09:20	24	YV5B  	-6.8	100	 0.20	 285
21:09:30	24	4U1UN 	-4.8	100	 0.25	 175
21:09:40	24	VE8AT 	-5.3	100	 0.40	 -25
21:09:50	24	W6WX  	23.3	  0	 6.71	  35
21:10:00	24	K6TD  	14.4	  0	 5.87	  -5
21:10:10	24	ZL6B  	-7.1	100	 0.13	 266
21:10:20	24	VK6RBP	-5.2	100	 0.18	 -51
21:10:30	24	JA2IGY	-7.7	100	 0.27	 117
21:10:40	24	RR9O  	-8.1	100	 0.07	 243
21:10:50	24	VR2B  	-4.0	100	 0.19	 -69
21:11:00	24	4S7B  	-5.9	100	 0.09	 105
21:11:10	24	ZS6DN 	-9.7	100	 0.11	 124
21:11:20	24	5Z4B  	-6.2	100	 0.13	 133
21:11:30	24	4X6TU 	-6.8	100	 0.18	 206
21:11:40	24	OH2B  	-4.6	100	 0.22	  21
21:11:50	24	CS3B  	-20.0	100	 0.20	 199
21:12:00	28	CS3B  	-17.8	100	 0.05	  39
21:12:10	28	LU4AA 	-9.5	100	 0.13	 246
21:12:20	28	OA4B  	-2.6	 95	 0.12	  42
21:12:30	28	YV5B  	-6.6	100	 0.13	 -34
21:12:40	28	4U1UN 	-4.2	100	 0.24	  82
21:12:50	28	VE8AT 	-4.2	100	 0.28	  57
21:13:00	28	W6WX  	-2.8	100	 0.41	 258
21:13:20	28	ZL6B  	-6.0	100	 0.13	 -72
21:13:30	28	VK6RBP	-6.3	100	 0.15	 -23
21:13:40	28	JA2IGY	-10.1	100	 0.21	 108
21:13:50	28	RR9O  	-4.9	100	 0.09	 -46
21:14:00	28	VR2B  	-7.3	100	 0.29	 300
21:14:10	28	4S7B  	-2.6	100	 0.25	 -56
21:14:20	28	ZS6DN 	-5.7	100	 0.24	 209
21:14:30	28	5Z4B  	-5.3	100	 0.14	 211
21:14:40	28	4X6TU 	-3.5	100	 0.62	 238
21:14:50	28	OH2B  	-8.6	100	 0.06	 -78
21:15:10	14	VE8AT 	-8.4	100	 0.08	 -42
21:15:20	14	W6WX  	26.7	  0	 4.11	  33
21:15:30	14	K6TD  	20.9	  0	 5.91	   0
21:15:40	14	ZL6B  	-4.4	100	 0.46	 -70
21:15:50	14	VK6RBP	-5.2	100	 0.20	 193
21:16:00	14	JA2IGY	-8.9	100	 0.12	 229
21:16:10	14	RR9O  	-6.8	100	 0.13	 271
21:16:20	14	VR2B  	-4.5	100	 0.18	 -20
21:16:30	14	4S7B  	-3.6	100	 0.12	 211
21:16:40	14	ZS6DN 	-4.0	100	 0.28	 292
21:16:50	14	5Z4B  	-8.6	100	 0.09	 138
21:17:00	14	4X6TU 	-7.7	100	 0.10	  49
21:17:10	14	OH2B  	-4.0	100	 0.18	 -42
21:17:20	14	CS3B  	-7.6	100	 0.18	 250
21:17:30	14	LU4AA 	-8.9	100	 0.12	 -37
21:17:40	14	OA4B  	-5.6	100	 0.10	 283
21:17:50	14	YV5B  	 6.6	  4	 5.84	  61
21:18:00	18	YV5B  	 8.2	  0	 6.58	  59
21:18:10	18	4U1UN 	17.3	  0	 7.33	  52
21:18:20	18	VE8AT 	-9.7	100	 0.08	 275
21:18:30	18	W6WX  	18.2	  0	 5.30	  33
21:18:40	18	K6TD  	17.6	  0	 5.90	  -4
21:18:50	18	ZL6B  	-7.3	100	 0.11	 -18
21:19:00	18	VK6RBP	-6.3	100	 0.06	  35
21:19:10	18	JA2IGY	-3.6	 97	 0.12	 152
21:19:20	18	RR9O  	-3.6	100	 0.16	 232
21:19:30	18	VR2B  	 9.8	  9	 4.82	  74
21:19:40	18	4S7B  	-8.0	100	 0.13	 -36
21:19:50	18	ZS6DN 	-4.1	100	 0.12	  -8
21:20:00	18	5Z4B  	-4.9	100	 0.16	 168
21:20:10	18	4X6TU 	-7.3	100	 0.22	   4
21:20:20	18	OH2B  	-8.3	100	 0.15	 -57
21:20:30	18	CS3B  	-6.5	100	 0.17	 -32
21:20:40	18	LU4AA 	-5.2	100	 0.06	 207
21:20:50	18	OA4B  	 4.8	 30	 3.39	  53
21:21:00	21	OA4B  	 6.3	 34	 3.74	  61
21:21:10	21	YV5B  	 4.8	 31	 4.36	  58
21:21:20	21	4U1UN 	20.8	  0	 7.73	  50
21:21:30	21	VE8AT 	-6.9	100	 0.19	 -42
21:21:40	21	W6WX  	26.2	  0	 6.76	  37
21:21:50	21	K6TD  	16.3	  0	 5.90	   4
21:22:00	21	ZL6B  	-6.6	100	 0.13	 246
21:22:10	21	VK6RBP	-6.6	100	 0.10	  54
21:22:20	21	JA2IGY	-5.0	100	 0.24	  43
21:22:30	21	RR9O  	-6.1	100	 0.22	  40
21:22:40	21	VR2B  	-3.7	 91	 0.25	 -20
21:22:50	21	4S7B  	-5.2	100	 0.08	 262
21:23:00	21	ZS6DN 	-7.1	100	 0.13	 202
21:23:10	21	5Z4B  	-5.6	 98	 0.04	 -55
21:23:20	21	4X6TU 	-4.8	100	 0.22	 112
21:23:30	21	OH2B  	-5.7	100	 0.04	 242
21:23:40	21	CS3B  	-3.7	100	 0.26	 130
21:23:50	21	LU4AA 	-5.0	100	 0.21	  62
21:24:00	24	LU4AA 	-6.0	100	 0.27	   3
21:24:10	24	OA4B  	 0.5	 45	 0.80	  59
21:24:20	24	YV5B  	-4.2	100	 0.07	 269
21:24:30	24	4U1UN 	-11.9	100	 0.15	 220
21:24:40	24	VE8AT 	-12.0	100	 0.10	  -6
21:24:50	24	W6WX  	23.1	  0	 6.58	  37
21:25:00	24	K6TD  	14.9	  0	 5.82	   0
21:25:10	24	ZL6B  	-18.8	100	 0.07	  49
21:25:20	24	VK6RBP	-6.2	100	 0.30	 266
21:25:30	24	JA2IGY	-4.4	100	 0.54	  68
21:25:40	24	RR9O  	-6.1	100	 0.09	 -74
21:25:50	24	VR2B  	-7.2	100	 0.19	 -35
21:26:00	24	4S7B  	-4.4	100	 0.37	 277
21:26:10	24	ZS6DN 	-3.3	 87	 0.36	  38
21:26:20	24	5Z4B  	-8.3	100	 0.27	 191
21:26:30	24	4X6TU 	-4.6	100	 0.30	  37
21:26:40	24	OH2B  	-5.2	100	 0.10	 -13
21:26:50	24	CS3B  	-4.4	100	 0.14	 151
21:27:00	28	CS3B  	-6.4	100	 0.06	  66
21:27:10	28	LU4AA 	-5.5	100	 0.05	 -47
21:27:20	28	OA4B  	-4.0	100	 0.28	 -71
21:27:30	28	YV5B  	-7.4	100	 0.16	 -27
21:27:40	28	4U1UN 	-2.4	100	 0.11	 160
21:27:50	28	VE8AT 	-5.0	100	 0.08	  31
21:28:00	28	W6WX  	-9.2	100	 0.13	   4
21:28:10	28	K6TD  	-3.8	100	 0.30	 -38
21:28:20	28	ZL6B  	-5.5	100	 0.20	 228
21:28:30	28	VK6RBP	-9.9	100	 0.08	 -48
21:28:40	28	JA2IGY	-5.2	100	 0.07	 141
21:28:50	28	RR9O  	-8.5	100	 0.12	  52
21:29:00	28	VR2B  	-8.0	100	 0.14	 145
21:29:10	28	4S7B  	-7.6	100	 0.19	 274
21:29:20	28	ZS6DN 	-5.4	100	 0.20	 325
21:29:30	28	5Z4B  	-6.0	100	 0.12	 -54
21:29:40	28	4X6TU 	-6.2	100	 0.33	 199
21:29:50	28	OH2B  	-3.3	 96	 0.17	 171
21:30:00	14	4U1UN 	-2.0	 81	 0.76	  59
21:30:10	14	VE8AT 	-7.5	100	 0.07	 -55
21:30:20	14	W6WX  	 9.9	  6	 3.54	  47
21:30:30	14	K6TD  	23.6	  0	 5.78	   3
21:30:40	14	ZL6B  	-6.9	100	 0.22	 156
21:30:50	14	VK6RBP	-2.7	 89	 0.06	  15
21:31:00	14	JA2IGY	-5.6	100	 0.22	  49
21:31:10	14	RR9O  	-3.2	100	 0.11	 129
21:31:20	14	VR2B  	-4.5	100	 0.18	 170
21:31:30	14	4S7B  	-10.2	100	 0.37	 109
21:31:40	14	ZS6DN 	-5.4	100	 0.15	 297
21:31:50	14	5Z4B  	-4.1	100	 0.60	  37
21:32:00	14	4X6TU 	-5.4	100	 0.25	   6
21:32:10	14	OH2B  	-5.9	100	 0.21	  30
21:32:20	14	CS3B  	-5.3	100	 0.10	 228
21:32:30	14	LU4AA 	-8.2	100	 0.44	  12
21:32:40	14	OA4B  	-4.0	100	 0.23	  54
21:32:50	14	YV5B  	17.1	  0	 6.88	  56
21:33:00	18	YV5B  	 6.1	  2	 5.23	  54
21:33:10	18	4U1UN 	17.7	  0	 7.71	  48
21:33:20	18	VE8AT 	-6.4	100	 0.25	 -36
21:33:30	18	W6WX  	15.0	  0	 6.50	  33
21:33:40	18	K6TD  	14.8	  0	 5.89	   0
21:33:50	18	ZL6B  	-5.1	100	 0.35	 248
21:34:00	18	VK6RBP	-7.6	100	 0.27	 108
21:34:10	18	JA2IGY	-5.2	100	 0.20	  -7
21:34:20	18	RR9O  	-7.3	100	 0.10	 -43
21:34:30	18	VR2B  	 4.0	  7	 4.98	  72
21:34:40	18	4S7B  	-9.6	100	 0.09	  24
21:34:50	18	ZS6DN 	-6.0	100	 0.07	  92
21:35:00	18	5Z4B  	-5.3	100	 0.30	 303
21:35:10	18	4X6TU 	-6.7	100	 0.46	 118
21:35:20	18	OH2B  	-6.4	100	 0.13	 -70
21:35:30	18	CS3B  	-6.4	100	 0.20	 149
21:35:40	18	LU4AA 	-3.4	100	 0.38	 248
21:35:50	18	OA4B  	 4.7	 14	 4.30	  62
21:36:00	21	OA4B  	 7.9	  0	 5.18	  66
21:36:10	21	YV5B  	 0.9	 56	 3.60	  49
21:36:20	21	4U1UN 	 5.5	  0	 6.19	  42
21:36:30	21	VE8AT 	-3.8	100	 0.26	 257
21:36:40	21	W6WX  	30.3	  0	 6.76	  33
21:36:50	21	K6TD  	13.2	  0	 5.70	  -1
21:37:00	21	ZL6B  	-6.7	100	 0.13	 233
21:37:10	21	VK6RBP	-5.6	100	 0.40	 -14
21:37:20	21	JA2IGY	-6.0	100	 0.09	 275
21:37:30	21	RR9O  	-6.1	100	 0.16	 279
21:37:40	21	VR2B  	 1.3	 57	 2.69	  76
21:37:50	21	4S7B  	-6.8	100	 0.07	  50
21:38:00	21	ZS6DN 	-6.4	100	 0.09	  81
21:38:10	21	5Z4B  	-6.2	100	 0.12	 145
21:38:20	21	4X6TU 	-5.9	100	 0.39	  96
21:38:30	21	OH2B  	-6.7	100	 0.23	 -28
21:38:40	21	CS3B  	-5.7	100	 0.19	 289
21:38:50	21	LU4AA 	-5.5	100	 0.20	 283
21:39:00	24	LU4AA 	-4.5	100	 0.23	 292
21:39:10	24	OA4B  	-5.9	100	 0.11	 209
21:39:20	24	YV5B  	-6.7	100	 0.08	  51
21:39:30	24	4U1UN 	-6.6	100	 0.13	 -90
21:39:40	24	VE8AT 	-6.1	100	 0.13	 -55
21:39:50	24	W6WX  	19.1	  0	 6.63	  32
21:40:00	24	K6TD  	17.2	  0	 5.88	  -4
21:40:10	24	ZL6B  	-4.4	100	 0.13	 186
21:40:20	24	VK6RBP	-7.6	100	 0.12	 296
21:40:30	24	JA2IGY	-32.8	100	 0.09	 108
21:40:40	24	RR9O  	-7.1	100	 0.17	 250
21:40:50	24	VR2B  	-4.9	100	 0.23	  -1
21:41:00	24	4S7B  	-4.5	100	 0.11	 -29
21:41:10	24	ZS6DN 	-7.5	100	 0.16	  36
21:41:20	24	5Z4B  	-6.4	100	 0.06	  41
21:41:30	24	4X6TU 	-6.8	100	 0.18	 158
21:41:40	24	OH2B  	-3.9	100	 0.12	 269
21:41:50	24	CS3B  	-6.9	100	 0.21	  14
21:42:00	28	CS3B  	-3.6	100	 0.22	 -32
21:42:10	28	LU4AA 	-5.4	100	 0.08	  98
21:42:20	28	OA4B  	-3.7	100	 0.60	 -85
21:42:30	28	YV5B  	-6.3	100	 0.16	   5
21:42:40	28	4U1UN 	-7.4	100	 0.06	 -94
21:42:50	28	VE8AT 	-6.8	100	 0.07	 -26
21:43:00	28	W6WX  	25.0	  0	 6.72	  38
21:43:10	28	K6TD  	 9.7	  0	 4.65	   5
21:43:20	28	ZL6B  	-5.0	100	 0.13	 115
21:43:30	28	VK6RBP	-6.8	100	 0.09	 268
21:43:40	28	JA2IGY	-6.4	100	 0.12	  39
21:43:50	28	RR9O  	-6.1	100	 0.11	 134
21:44:00	28	VR2B  	-6.0	100	 0.28	 190
21:44:10	28	4S7B  	-7.9	100	 0.22	 208
21:44:20	28	ZS6DN 	-7.7	100	 0.10	  88
21:44:30	28	5Z4B  	-8.1	100	 0.16	 105
21:44:40	28	4X6TU 	-4.9	 96	 0.20	 210
21:44:50	28	OH2B  	-7.3	100	 0.05	 -28
21:45:00	14	4U1UN 	-1.1	 69	 1.69	  46
21:45:10	14	VE8AT 	-4.7	100	 0.15	   2
21:45:20	14	W6WX  	 9.3	  6	 3.55	  37
21:45:30	14	K6TD  	15.6	  0	 5.81	  -4
21:45:40	14	ZL6B  	-6.8	100	 0.08	 109
21:45:50	14	VK6RBP	-5.6	100	 0.11	  85
21:46:00	14	JA2IGY	-7.5	100	 0.35	  42
21:46:10	14	RR9O  	-4.4	100	 0.16	 230
21:46:20	14	VR2B  	-6.5	100	 0.10	 -43
21:46:30	14	4S7B  	-6.0	100	 0.23	 196
21:46:40	14	ZS6DN 	-3.5	100	 0.77	 -42
21:46:50	14	5Z4B  	-3.7	100	 0.44	   0
21:47:00	14	4X6TU 	-5.6	100	 0.07	 302
21:47:10	14	OH2B  	-8.2	100	 0.19	  49
21:47:20	14	CS3B  	-7.0	100	 0.14	 104
21:47:30	14	LU4AA 	-6.1	100	 0.11	 237
21:47:40	14	OA4B  	 0.2	 39	 2.14	  56
21:47:50	14	YV5B  	14.5	  0	 6.86	  59
21:48:00	18	YV5B  	 1.9	 36	 3.78	  61
21:48:10	18	4U1UN 	15.0	  0	 7.72	  52
21:48:20	18	VE8AT 	-5.7	100	 0.13	 -34
21:48:30	18	W6WX  	15.4	 13	 4.34	  26
21:48:40	18	K6TD  	16.3	  0	 5.85	  -7
21:48:50	18	ZL6B  	-9.6	100	 0.10	 302
21:49:00	18	VK6RBP	-5.3	100	 0.16	 148
21:49:10	18	JA2IGY	-6.8	100	 0.32	 254
21:49:20	18	RR9O  	-3.2	100	 0.09	  87
21:49:30	18	VR2B  	 3.5	 22	 4.86	  71
21:49:40	18	4S7B  	-5.7	100	 0.08	  84
21:49:50	18	ZS6DN 	-7.1	100	 0.15	  68
21:50:00	18	5Z4B  	-5.5	100	 0.13	 141
21:50:10	18	4X6TU 	-6.8	100	 0.11	 -55
21:50:20	18	OH2B  	-5.4	100	 0.17	 190
21:50:30	18	CS3B  	-6.4	100	 0.09	 165
21:50:40	18	LU4AA 	-6.0	100	 0.18	  68
21:50:50	18	OA4B  	 4.1	 23	 3.83	  61
21:51:00	21	OA4B  	 0.3	 50	 2.68	  58
21:51:10	21	YV5B  	 9.0	  9	 6.28	  56
21:51:20	21	4U1UN 	 8.1	  0	 7.16	  50
21:51:30	21	VE8AT 	-6.6	100	 0.21	 115
21:51:40	21	W6WX  	30.4	  0	 6.76	  38
21:51:50	21	K6TD  	15.0	  0	 4.44	   3
21:52:00	21	ZL6B  	-7.1	100	 0.17	   8
21:52:10	21	VK6RBP	-12.1	100	 0.10	 191
21:52:20	21	JA2IGY	-6.6	100	 0.19	 -46
21:52:30	21	RR9O  	-6.8	100	 0.11	 -74
21:52:40	21	VR2B  	 6.1	 20	 4.75	  70
21:52:50	21	4S7B  	-6.5	100	 0.09	 266
21:53:00	21	ZS6DN 	-6.2	100	 0.16	  96
21:53:10	21	5Z4B  	-4.4	100	 0.22	 -35
21:53:20	21	4X6TU 	-5.6	100	 0.15	 305
21:53:30	21	OH2B  	-9.8	100	 0.14	 -78
21:53:40	21	CS3B  	-6.3	100	 0.19	  67
21:53:50	21	LU4AA 	-12.4	100	 0.14	  39
21:54:00	24	LU4AA 	-4.8	100	 0.21	  38
21:54:10	24	OA4B  	-6.4	100	 0.26	 -19
21:54:20	24	YV5B  	-7.4	100	 0.11	 165
21:54:30	24	4U1UN 	-3.3	 87	 0.35	  53
21:54:50	24	W6WX  	18.8	  0	 6.73	  34
21:55:00	24	K6TD  	16.6	  0	 4.12	  -1
21:55:10	24	ZL6B  	-7.1	100	 0.11	  -3
21:55:20	24	VK6RBP	-6.7	100	 0.45	  11
21:55:30	24	JA2IGY	-7.0	100	 0.19	 267
21:55:40	24	RR9O  	-4.4	100	 0.17	 145
21:55:50	24	VR2B  	-3.3	100	 0.21	  74
21:56:00	24	4S7B  	-5.5	100	 0.18	 -31
21:56:10	24	ZS6DN 	-26.1	100	 0.17	 -42
21:56:20	24	5Z4B  	-4.9	 98	 0.43	 -38
21:56:30	24	4X6TU 	-6.3	100	 0.10	  -7
21:56:40	24	OH2B  	-4.2	100	 0.12	 190
21:56:50	24	CS3B  	-6.7	100	 0.29	 102
21:57:00	28	CS3B  	-11.9	100	 0.04	 269
21:57:10	28	LU4AA 	-6.6	100	 0.06	 178
21:57:20	28	OA4B  	-6.0	100	 0.29	 -79
21:57:30	28	YV5B  	-5.8	100	 0.20	 199
21:57:40	28	4U1UN 	-5.8	100	 0.08	 104
21:57:50	28	VE8AT 	-4.8	100	 0.13	 139
21:58:00	28	W6WX  	18.5	  0	 6.68	  34
21:58:10	28	K6TD  	-8.1	100	 0.13	  60
21:58:20	28	ZL6B  	-4.9	100	 0.09	 217
21:58:30	28	VK6RBP	-8.1	100	 0.05	 292
21:58:40	28	JA2IGY	-4.4	100	 0.15	  21
21:58:50	28	RR9O  	-6.0	100	 0.11	 219
21:59:00	28	VR2B  	-7.4	100	 0.13	 -65
21:59:10	28	4S7B  	-8.0	100	 0.14	 174
21:59:20	28	ZS6DN 	-9.1	100	 0.08	  57
21:59:30	28	5Z4B  	-4.4	100	 0.14	  10
21:59:40	28	4X6TU 	-6.3	100	 0.23	 -14
21:59:50	28	OH2B  	-7.1	100	 0.13	 -24
22:00:00	14	4U1UN 	 1.8	 46	 2.51	  48
22:00:10	14	VE8AT 	-15.2	100	 0.06	 195
22:00:20	14	W6WX  	 6.3	  4	 3.15	  15
22:00:30	14	K6TD  	15.7	  0	 5.85	  -1
22:00:40	14	ZL6B  	-4.6	100	 0.17	 285
22:00:50	14	VK6RBP	-3.4	 93	 0.05	 205
22:01:00	14	JA2IGY	-6.8	100	 0.14	  -4
22:01:10	14	RR9O  	-5.9	100	 0.12	 125
22:01:20	14	VR2B  	-7.7	100	 0.11	 227
22:01:30	14	4S7B  	-5.5	100	 0.15	 130
22:01:40	14	ZS6DN 	-3.4	 87	 0.61	 114
22:01:50	14	5Z4B  	-5.1	100	 0.12	  42
22:02:00	14	4X6TU 	-6.7	100	 0.15	 120
22:02:10	14	OH2B  	-20.0	100	 0.09	 254
22:02:20	14	CS3B  	-5.6	100	 0.19	  19
22:02:30	14	LU4AA 	-12.1	100	 0.17	   5
22:02:40	14	OA4B  	-7.0	100	 0.19	 214
22:02:50	14	YV5B  	15.4	  0	 5.83	  54
22:03:00	18	YV5B  	 8.6	  2	 5.86	  56
22:03:10	18	4U1UN 	15.9	  0	 7.70	  46
22:03:20	18	VE8AT 	-2.9	 95	 0.31	  75
22:03:30	18	W6WX  	 9.6	 17	 3.87	  32
22:03:40	18	K6TD  	16.9	  0	 5.85	   1
22:03:50	18	ZL6B  	-5.2	100	 0.07	 -71
22:04:00	18	VK6RBP	-6.5	100	 0.22	  68
22:04:10	18	JA2IGY	-11.8	100	 0.09	 132
22:04:20	18	RR9O  	-6.1	100	 0.16	 -16
22:04:30	18	VR2B  	-0.4	 57	 1.85	  79
22:04:40	18	4S7B  	-5.5	100	 0.11	   5
22:04:50	18	ZS6DN 	-5.5	100	 0.12	   1
22:05:00	18	5Z4B  	-7.0	100	 0.16	 164
22:05:10	18	4X6TU 	-6.5	100	 0.09	 278
22:05:20	18	OH2B  	-5.0	100	 0.13	 257
22:05:30	18	CS3B  	-7.6	100	 0.15	 124
22:05:40	18	LU4AA 	-7.3	100	 0.05	 304
22:05:50	18	OA4B  	 3.1	 59	 1.86	  66
22:06:00	21	OA4B  	 1.2	 52	 1.82	  61
22:06:10	21	YV5B  	 3.3	 29	 3.74	  62
22:06:20	21	4U1UN 	 6.9	 29	 5.52	  44
22:06:30	21	VE8AT 	-6.4	100	 0.18	 220
22:06:40	21	W6WX  	27.2	  0	 6.76	  30
22:06:50	21	K6TD  	16.4	  0	 5.07	  -4
22:07:00	21	ZL6B  	-13.1	100	 0.07	 139
22:07:10	21	VK6RBP	-4.1	100	 0.30	 140
22:07:20	21	JA2IGY	-20.0	100	 0.07	  65
22:07:30	21	RR9O  	-7.7	100	 0.12	  33
22:07:40	21	VR2B  	 5.9	  0	 5.00	  75
22:07:50	21	4S7B  	-8.6	100	 0.08	  69
22:08:00	21	ZS6DN 	-6.0	100	 0.53	 325
22:08:10	21	5Z4B  	-9.3	100	 0.19	 293
22:08:20	21	4X6TU 	-5.2	100	 0.17	  70
22:08:30	21	OH2B  	-7.6	100	 0.05	  45
22:08:40	21	CS3B  	-6.9	100	 0.11	  63
22:08:50	21	LU4AA 	-17.5	100	 0.19	  28
22:09:00	24	LU4AA 	-6.8	100	 0.16	 162
22:09:10	24	OA4B  	13.7	  0	 6.23	  60
22:09:20	24	YV5B  	-7.5	100	 0.18	 278
22:09:30	24	4U1UN 	-6.8	100	 0.07	 -75
22:09:40	24	VE8AT 	-5.3	100	 0.09	 242
22:09:50	24	W6WX  	29.5	  0	 6.76	  31
22:10:00	24	K6TD  	16.1	  0	 5.78	  -5
22:10:10	24	ZL6B  	-7.4	100	 0.07	 264
22:10:20	24	VK6RBP	-7.5	100	 0.17	 -56
22:10:30	24	JA2IGY	-2.9	 98	 0.19	  69
22:10:40	24	RR9O  	-4.2	100	 0.18	 142
22:10:50	24	VR2B  	-1.9	 83	 1.25	  70
22:11:00	24	4S7B  	-4.2	100	 0.62	  57
22:11:10	24	ZS6DN 	-6.8	100	 0.16	  20
22:11:20	24	5Z4B  	-6.8	100	 0.05	 231
22:11:30	24	4X6TU 	-6.2	100	 0.09	  26
22:11:40	24	OH2B  	-7.0	100	 0.15	 116
22:11:50	24	CS3B  	-6.9	100	 0.22	 119
22:12:00	28	CS3B  	-5.9	100	 0.11	 238
22:12:10	28	LU4AA 	-12.4	100	 0.14	 128
22:12:20	28	OA4B  	 6.8	  0	 5.95	  59
22:12:30	28	YV5B  	-7.2	100	 0.06	 230
22:12:40	28	4U1UN 	-7.0	100	 0.14	 135
22:12:50	28	VE8AT 	-7.7	100	 0.13	 168
22:13:00	28	W6WX  	19.0	  0	 6.25	  38
22:13:10	28	K6TD  	17.2	  0	 5.86	   1
22:13:20	28	ZL6B  	-8.6	100	 0.07	 136
22:13:30	28	VK6RBP	-6.5	100	 0.20	 318
22:13:40	28	JA2IGY	-5.9	100	 0.13	   1
22:13:50	28	RR9O  	-5.7	100	 0.11	  44
22:14:00	28	VR2B  	-6.3	100	 0.15	 147
22:14:10	28	4S7B  	-6.4	100	 0.16	 -44
22:14:20	28	ZS6DN 	-7.5	100	 0.21	 198
22:14:30	28	5Z4B  	-6.8	100	 0.18	  -7
22:14:40	28	4X6TU 	-5.2	100	 0.49	  66
22:14:50	28	OH2B  	-6.8	100	 0.06	  52
22:15:00	14	4U1UN 	 4.5	 19	 3.12	  50
22:15:10	14	VE8AT 	-6.4	100	 0.07	 -48
22:15:20	14	W6WX  	 8.6	  9	 4.04	  36
22:15:30	14	K6TD  	15.6	  0	 5.89	   0
22:15:40	14	ZL6B  	-7.1	100	 0.29	 176
22:15:50	14	VK6RBP	-19.4	100	 0.17	 288
22:16:00	14	JA2IGY	-4.3	 90	 0.23	 -25
22:16:10	14	RR9O  	-2.4	 92	 0.43	  21
22:16:20	14	VR2B  	-6.7	100	 0.21	 142
22:16:30	14	4S7B  	-4.8	100	 0.10	 -28
22:16:40	14	ZS6DN 	-4.9	100	 0.25	  62
22:16:50	14	5Z4B  	-5.6	100	 0.46	 -23
22:17:00	14	4X6TU 	-5.3	100	 0.08	  95
22:17:10	14	OH2B  	-10.8	100	 0.11	  26
22:17:20	14	CS3B  	-20.0	100	 0.08	 215
22:17:30	14	LU4AA 	-8.6	100	 0.10	 192
22:17:40	14	OA4B  	-20.0	100	 0.07	 211
22:17:50	14	YV5B  	16.7	  4	 6.02	  60
22:18:00	18	YV5B  	 8.7	  4	 5.32	  59
22:18:10	18	4U1UN 	12.5	  0	 7.55	  53
22:18:20	18	VE8AT 	-3.5	100	 0.88	  57
22:18:30	18	W6WX  	28.8	  0	 5.79	  37
22:18:40	18	K6TD  	17.0	  0	 5.91	   4
22:18:50	18	ZL6B  	-5.2	100	 0.19	  44
22:19:00	18	VK6RBP	-5.9	100	 0.23	  28
22:19:10	18	JA2IGY	-5.7	100	 0.36	 211
22:19:20	18	RR9O  	-20.0	100	 0.18	 217
22:19:30	18	VR2B  	 0.8	 37	 3.29	  73
22:19:40	18	4S7B  	-7.1	100	 0.23	   8
22:19:50	18	ZS6DN 	-7.0	100	 0.09	  16
22:20:00	18	5Z4B  	-4.6	 98	 0.07	  37
22:20:10	18	4X6TU 	-7.8	100	 0.18	  39
22:20:20	18	OH2B  	-8.9	100	 0.12	  36
22:20:30	18	CS3B  	-3.7	100	 0.18	 155
22:20:40	18	LU4AA 	-6.6	100	 0.14	  48
22:20:50	18	OA4B  	 0.3	 59	 1.51	  57
22:21:00	21	OA4B  	 2.2	 23	 2.97	  57
22:21:10	21	YV5B  	12.4	  4	 6.30	  54
22:21:20	21	4U1UN 	 4.8	 10	 5.30	  50
22:21:30	21	VE8AT 	-6.6	100	 0.11	 -68
22:21:40	21	W6WX  	27.1	  0	 6.76	  35
22:21:50	21	K6TD  	 7.5	  0	 3.36	   8
22:22:00	21	ZL6B  	-4.5	100	 0.60	  51
22:22:10	21	VK6RBP	-7.3	100	 0.08	  37
22:22:20	21	JA2IGY	-8.1	100	 0.11	 132
22:22:30	21	RR9O  	-6.1	100	 0.28	  27
22:22:40	21	VR2B  	 0.7	 50	 2.84	  71
22:22:50	21	4S7B  	-7.7	100	 0.28	  97
22:23:00	21	ZS6DN 	-20.0	100	 0.14	 -52
22:23:10	21	5Z4B  	-7.2	100	 0.09	  73
22:23:20	21	4X6TU 	-7.9	100	 0.25	 259
22:23:40	21	CS3B  	-6.5	100	 0.11	 179
22:23:50	21	LU4AA 	-4.6	100	 0.33	 295
22:24:10	24	OA4B  	 1.1	 32	 2.99	  57
22:24:20	24	YV5B  	-5.9	100	 0.11	 112
22:24:30	24	4U1UN 	-5.3	100	 0.11	  54
22:24:40	24	VE8AT 	-7.1	100	 0.09	 279
22:24:50	24	W6WX  	17.4	  0	 6.69	  40
22:25:00	24	K6TD  	15.0	  0	 5.45	   6
22:25:10	24	ZL6B  	-20.0	100	 0.17	  -3
22:25:20	24	VK6RBP	-10.5	100	 0.10	 108
22:25:30	24	JA2IGY	-8.6	100	 0.13	 263
22:25:40	24	RR9O  	-3.9	100	 0.41	 300
22:25:50	24	VR2B  	 1.0	 48	 3.33	  72
22:26:00	24	4S7B  	-5.4	100	 0.07	  95
22:26:10	24	ZS6DN 	-7.8	100	 0.15	  -6
22:26:20	24	5Z4B  	-5.4	100	 0.42	 192
22:26:30	24	4X6TU 	-5.6	100	 0.16	 206
22:26:40	24	OH2B  	-7.2	100	 0.17	 244
22:26:50	24	CS3B  	-20.0	100	 0.20	 147
22:27:10	28	LU4AA 	-6.1	100	 0.12	 121
22:27:20	28	OA4B  	 5.0	  0	 5.80	  59
22:27:30	28	YV5B  	-6.1	100	 0.21	 171
22:27:40	28	4U1UN 	-6.5	100	 0.18	 115
22:27:50	28	VE8AT 	-5.7	100	 0.14	 243
22:28:00	28	W6WX  	19.5	  0	 6.43	  39
22:28:10	28	K6TD  	15.2	  0	 5.91	   5
22:28:20	28	ZL6B  	-7.2	100	 0.10	 -70
22:28:30	28	VK6RBP	-5.7	100	 0.19	  32
22:28:40	28	JA2IGY	-20.2	100	 0.08	 -23
22:28:50	28	RR9O  	-6.4	100	 0.31	  54
22:29:00	28	VR2B  	-5.6	100	 0.21	 281
22:29:10	28	4S7B  	-5.3	100	 0.12	 297
22:29:20	28	ZS6DN 	-6.9	100	 0.09	  -5
22:29:30	28	5Z4B  	-4.8	100	 0.06	  89
22:29:40	28	4X6TU 	-7.0	100	 0.20	   2
22:29:50	28	OH2B  	-7.4	100	 0.17	 158
22:30:00	14	4U1UN 	 1.2	 60	 2.29	  56
22:30:10	14	VE8AT 	-4.6	100	 0.23	 -29
22:30:20	14	W6WX  	 7.7	  6	 3.61	  28
22:30:30	14	K6TD  	21.7	  0	 5.88	   5
22:30:40	14	ZL6B  	-5.6	100	 0.06	  19
22:31:00	14	JA2IGY	-8.7	100	 0.11	  80
22:31:10	14	RR9O  	-6.0	100	 0.18	 -18
22:31:20	14	VR2B  	-3.5	 89	 0.25	 119
22:31:30	14	4S7B  	-8.3	100	 0.08	 348
22:31:40	14	ZS6DN 	-5.9	100	 0.15	 190
22:31:50	14	5Z4B  	-9.4	100	 0.19	 231
22:32:00	14	4X6TU 	-5.8	100	 0.03	 190
22:32:10	14	OH2B  	-5.0	100	 0.25	  85
22:32:20	14	CS3B  	-8.2	100	 0.09	 275
22:32:30	14	LU4AA 	-8.4	100	 0.08	 217
22:32:40	14	OA4B  	 0.6	 55	 2.26	  68
22:32:50	14	YV5B  	20.0	  0	 6.88	  57
22:33:00	18	YV5B  	15.0	  0	 6.73	  60
22:33:10	18	4U1UN 	15.1	  2	 7.46	  51
22:33:20	18	VE8AT 	-5.8	100	 0.07	 287
22:33:30	18	W6WX  	14.4	  0	 6.65	  36
22:33:40	18	K6TD  	18.9	  0	 5.86	   6
22:33:50	18	ZL6B  	-2.2	100	 0.43	  26
22:34:00	18	VK6RBP	-10.1	100	 0.18	 142
22:34:10	18	JA2IGY	-12.6	100	 0.11	 -38
22:34:20	18	RR9O  	-8.7	100	 0.10	 100
22:34:30	18	VR2B  	-0.5	 72	 1.50	  73
22:34:40	18	4S7B  	-7.0	100	 0.14	 104
22:34:50	18	ZS6DN 	-6.2	100	 0.20	  57
22:35:00	18	5Z4B  	-4.9	100	 0.57	 256
22:35:10	18	4X6TU 	-8.3	100	 0.13	  -2
22:35:20	18	OH2B  	-20.0	100	 0.14	 265
22:35:30	18	CS3B  	-2.9	 98	 0.51	  -8
22:35:40	18	LU4AA 	-6.7	100	 0.28	 209
22:35:50	18	OA4B  	 3.2	  5	 4.56	  67
22:36:00	21	OA4B  	 5.4	 18	 2.69	  58
22:36:10	21	YV5B  	10.7	  0	 6.66	  54
22:36:20	21	4U1UN 	14.2	  0	 7.69	  46
22:36:30	21	VE8AT 	-8.1	100	 0.09	 237
22:36:40	21	W6WX  	26.9	  0	 6.76	  35
22:36:50	21	K6TD  	10.5	  0	 4.56	   2
22:37:00	21	ZL6B  	-4.9	100	 0.13	 291
22:37:10	21	VK6RBP	-6.6	100	 0.12	 160
22:37:20	21	JA2IGY	-4.5	100	 0.28	  21
22:37:30	21	RR9O  	-5.1	100	 0.14	 157
22:37:40	21	VR2B  	 7.0	 26	 4.95	  82
22:37:50	21	4S7B  	-3.9	100	 0.23	 114
22:38:00	21	ZS6DN 	-7.8	100	 0.13	 170
22:38:10	21	5Z4B  	-13.7	100	 0.17	 282
22:38:20	21	4X6TU 	-7.3	100	 0.15	 332
22:38:30	21	OH2B  	-6.9	100	 0.30	  13
22:38:40	21	CS3B  	-9.3	100	 0.12	 263
22:38:50	21	LU4AA 	-6.6	100	 0.11	 124
22:39:00	24	LU4AA 	-4.1	100	 0.17	 115
22:39:10	24	OA4B  	-0.9	 70	 1.01	  50
22:39:20	24	YV5B  	-5.4	100	 0.08	 -53
22:39:30	24	4U1UN 	-3.8	100	 0.59	  52
22:39:40	24	VE8AT 	-6.7	100	 0.21	 317
22:39:50	24	W6WX  	18.0	  0	 6.58	  33
22:40:00	24	K6TD  	15.6	  0	 5.42	  -4
22:40:10	24	ZL6B  	-4.3	100	 0.15	 233
22:40:20	24	VK6RBP	-6.3	100	 0.08	  57
22:40:30	24	JA2IGY	-6.9	100	 0.08	  10
22:40:40	24	RR9O  	-13.1	100	 0.19	 288
22:40:50	24	VR2B  	 0.6	 63	 2.53	  71
22:41:00	24	4S7B  	-7.0	100	 0.09	 186
22:41:10	24	ZS6DN 	-4.1	 89	 0.15	 149
22:41:20	24	5Z4B  	-6.2	100	 0.10	  44
22:41:30	24	4X6TU 	-4.3	100	 0.19	 155
22:41:40	24	OH2B  	-4.9	100	 0.07	 138
22:41:50	24	CS3B  	-5.0	100	 0.12	  13
22:42:00	28	CS3B  	-6.6	100	 0.15	  94
22:42:10	28	LU4AA 	-8.0	100	 0.16	 147
22:42:20	28	OA4B  	-6.7	100	 0.18	 121
22:42:30	28	YV5B  	-5.4	100	 0.43	  49
22:42:40	28	4U1UN 	-8.4	100	 0.05	 282
22:42:50	28	VE8AT 	-6.2	100	 0.18	 155
22:43:00	28	W6WX  	19.8	  0	 6.65	  44
22:43:10	28	K6TD  	15.5	  0	 5.90	  -1
22:43:20	28	ZL6B  	-6.7	100	 0.27	  25
22:43:30	28	VK6RBP	-7.7	100	 0.14	 314
22:43:40	28	JA2IGY	-7.9	100	 0.13	 188
22:43:50	28	RR9O  	-8.8	100	 0.09	 291
22:44:00	28	VR2B  	-5.0	100	 0.18	 141
22:44:10	28	4S7B  	-5.9	100	 0.14	 -30
22:44:20	28	ZS6DN 	-5.1	100	 0.21	 242
22:44:30	28	5Z4B  	-8.8	100	 0.22	  71
22:44:40	28	4X6TU 	-6.4	100	 0.12	 113
22:44:50	28	OH2B  	-10.0	100	 0.10	 142
22:45:00	14	4U1UN 	-4.1	100	 0.65	  50
22:45:10	14	VE8AT 	-6.1	100	 0.21	  34
22:45:20	14	W6WX  	 9.2	  6	 3.90	  41
22:45:30	14	K6TD  	23.1	  0	 5.92	   4
22:45:40	14	ZL6B  	-7.8	100	 0.35	 313
22:45:50	14	VK6RBP	-6.7	100	 0.12	 266
22:46:00	14	JA2IGY	-4.8	100	 0.07	 -19
22:46:10	14	RR9O  	-10.2	100	 0.13	  67
22:46:20	14	VR2B  	-5.7	100	 0.10	 124
22:46:30	14	4S7B  	-6.2	100	 0.08	  52
22:46:40	14	ZS6DN 	-6.9	100	 0.14	 130
22:46:50	14	5Z4B  	-4.3	 93	 0.19	  49
22:47:00	14	4X6TU 	-7.3	100	 0.16	 341
22:47:10	14	OH2B  	-3.9	 92	 0.20	 161
22:47:20	14	CS3B  	-3.1	100	 0.18	  94
22:47:30	14	LU4AA 	-6.9	100	 0.20	 213
22:47:40	14	OA4B  	 1.4	 30	 2.03	  64
22:47:50	14	YV5B  	15.8	  0	 6.79	  64
22:48:00	18	YV5B  	 4.4	 33	 4.23	  66
22:48:10	18	4U1UN 	10.9	  0	 7.34	  53
22:48:20	18	VE8AT 	-5.1	100	 0.23	  63
22:48:30	18	W6WX  	14.1	 13	 3.61	  39
22:48:40	18	K6TD  	16.8	  0	 5.82	  -1
22:48:50	18	ZL6B  	-7.4	100	 0.12	 335
22:49:00	18	VK6RBP	-7.5	100	 0.13	 -11
22:49:10	18	JA2IGY	-7.3	100	 0.08	  37
22:49:20	18	RR9O  	-6.2	100	 0.18	  17
22:49:30	18	VR2B  	-3.0	 93	 1.19	  74
22:49:40	18	4S7B  	-5.7	100	 0.08	 313
22:49:50	18	ZS6DN 	-7.6	100	 0.10	  81
22:50:00	18	5Z4B  	-7.2	100	 0.20	   7
22:50:10	18	4X6TU 	-4.2	100	 0.11	  82
22:50:20	18	OH2B  	-6.3	100	 0.10	 239
22:50:30	18	CS3B  	-6.0	100	 0.19	 268
22:50:40	18	LU4AA 	-4.6	100	 0.56	 307
22:50:50	18	OA4B  	-0.6	 75	 1.90	  62
22:51:10	21	YV5B  	12.7	  0	 6.29	  61
22:51:20	21	4U1UN 	-2.6	 90	 1.34	  63
22:51:30	21	VE8AT 	-5.1	100	 0.14	 279
22:51:40	21	W6WX  	18.9	  0	 6.76	  40
22:51:50	21	K6TD  	14.1	  0	 5.80	   7
22:52:00	21	ZL6B  	-8.2	100	 0.22	  65
22:52:10	21	VK6RBP	-4.4	100	 0.29	 315
22:52:20	21	JA2IGY	-8.1	100	 0.08	 267
22:52:30	21	RR9O  	-20.0	100	 0.08	 333
22:52:40	21	VR2B  	 3.3	 50	 1.67	  79
22:52:50	21	4S7B  	-6.3	100	 0.11	  19
22:53:00	21	ZS6DN 	-6.9	100	 0.07	 -17
22:53:10	21	5Z4B  	-7.5	100	 0.16	 -21
22:53:20	21	4X6TU 	-5.9	100	 0.09	 273
22:53:30	21	OH2B  	-9.5	100	 0.08	  37
22:53:40	21	CS3B  	-6.2	100	 0.08	  74
22:53:50	21	LU4AA 	-5.0	100	 0.41	  77
22:54:00	24	LU4AA 	-7.4	100	 0.12	 -37
22:54:10	24	OA4B  	-6.2	 98	 0.28	 249
22:54:20	24	YV5B  	-4.8	100	 0.17	  38
22:54:30	24	4U1UN 	-2.4	 92	 1.36	  68
22:54:40	24	VE8AT 	-6.3	100	 0.18	  67
22:54:50	24	W6WX  	19.0	  6	 4.86	  38
22:55:00	24	K6TD  	13.8	  0	 5.87	   2
22:55:10	24	ZL6B  	-4.4	100	 0.09	  56
22:55:20	24	VK6RBP	-5.2	100	 0.25	 337
22:55:30	24	JA2IGY	-4.2	100	 0.23	  79
22:55:50	24	VR2B  	-4.9	100	 0.20	  35
22:56:00	24	4S7B  	-8.2	100	 0.15	 116
22:56:10	24	ZS6DN 	-2.6	100	 0.14	  81
22:56:20	24	5Z4B  	-6.5	100	 0.18	  72
22:56:30	24	4X6TU 	-4.4	100	 0.43	 295
22:56:40	24	OH2B  	-4.0	100	 0.29	 251
22:56:50	24	CS3B  	-6.4	100	 0.12	  61
22:57:10	28	LU4AA 	-4.0	 93	 0.45	 261
22:57:20	28	OA4B  	-6.7	100	 0.25	  60
22:57:30	28	YV5B  	-20.0	100	 0.06	 -51
22:57:40	28	4U1UN 	-8.3	100	 0.07	 -40
22:57:50	28	VE8AT 	-5.8	100	 0.19	  -4
22:58:00	28	W6WX  	19.6	  0	 6.61	  39
22:58:10	28	K6TD  	15.7	  0	 5.82	  -1
22:58:20	28	ZL6B  	-6.4	100	 0.10	 304
22:58:30	28	VK6RBP	-6.0	100	 0.22	 350
22:58:40	28	JA2IGY	-6.4	100	 0.28	  85
22:58:50	28	RR9O  	-5.8	100	 0.27	 321
22:59:00	28	VR2B  	-5.0	100	 0.26	 151
22:59:10	28	4S7B  	-7.1	100	 0.11	 223
22:59:20	28	ZS6DN 	-6.4	100	 0.14	 125
22:59:30	28	5Z4B  	-9.6	100	 0.09	 240
22:59:40	28	4X6TU 	-5.8	100	 0.32	 313
22:59:50	28	OH2B  	-6.0	100	 0.21	 259
23:00:00	14	4U1UN 	 3.1	 42	 2.71	  56
23:00:10	14	VE8AT 	-3.8	100	 0.10	 316
23:00:20	14	W6WX  	 7.8	  6	 3.04	  47
23:00:30	14	K6TD  	13.2	  0	 5.34	   6
23:00:40	14	ZL6B  	-4.1	100	 0.41	  93
23:00:50	14	VK6RBP	-3.8	100	 0.28	 338
23:01:00	14	JA2IGY	-6.7	100	 0.09	 268
23:01:10	14	RR9O  	-5.9	100	 0.18	 161
23:01:20	14	VR2B  	-5.6	100	 0.25	  45
23:01:30	14	4S7B  	-6.2	100	 0.17	 292
23:01:40	14	ZS6DN 	-7.4	100	 0.16	 242
23:01:50	14	5Z4B  	-7.5	100	 0.42	 187
23:02:00	14	4X6TU 	-4.9	100	 0.37	 325
23:02:10	14	OH2B  	-8.3	100	 0.30	  78
23:02:20	14	CS3B  	-4.2	100	 0.09	 166
23:02:30	14	LU4AA 	-5.2	100	 0.22	  -1
23:02:40	14	OA4B  	 0.2	 55	 1.69	  69
23:02:50	14	YV5B  	17.1	  0	 6.87	  57
23:03:00	18	YV5B  	12.1	  0	 6.58	  59
23:03:10	18	4U1UN 	10.5	  4	 6.76	  47
23:03:20	18	VE8AT 	-1.9	 86	 0.44	  54
23:03:30	18	W6WX  	34.0	  0	 6.55	  37
23:03:40	18	K6TD  	17.1	  0	 5.85	   3
23:03:50	18	ZL6B  	-6.4	100	 0.06	 335
23:04:00	18	VK6RBP	-4.7	100	 0.18	 195
23:04:10	18	JA2IGY	-6.7	100	 0.09	 214
23:04:20	18	RR9O  	-6.7	100	 0.12	 210
23:04:30	18	VR2B  	-2.0	 83	 0.90	  66
23:04:40	18	4S7B  	-5.2	100	 0.27	 149
23:04:50	18	ZS6DN 	-7.2	100	 0.10	  25
23:05:00	18	5Z4B  	-20.0	100	 0.16	 292
23:05:10	18	4X6TU 	-5.7	100	 0.12	 163
23:05:20	18	OH2B  	-6.7	100	 0.17	 249
23:05:30	18	CS3B  	-20.0	100	 0.18	  71
23:05:40	18	LU4AA 	-8.4	100	 0.12	 169
23:05:50	18	OA4B  	 2.7	 45	 2.41	  70
23:06:00	21	OA4B  	 0.6	 45	 2.59	  70
23:06:10	21	YV5B  	 4.6	 18	 4.16	  60
23:06:20	21	4U1UN 	 7.8	  4	 6.60	  45
23:06:30	21	VE8AT 	-6.7	100	 0.14	 237
23:06:40	21	W6WX  	31.9	  0	 6.76	  36
23:06:50	21	K6TD  	 1.1	 30	 2.47	  -4
23:07:00	21	ZL6B  	-4.2	100	 0.13	 -21
23:07:10	21	VK6RBP	-6.6	100	 0.11	  -3
23:07:20	21	JA2IGY	-4.7	100	 0.16	 147
23:07:30	21	RR9O  	-4.8	100	 0.12	 250
23:07:40	21	VR2B  	 0.3	 63	 2.47	  82
23:07:50	21	4S7B  	-4.2	100	 0.14	 207
23:08:00	21	ZS6DN 	-6.6	100	 0.13	  27
23:08:10	21	5Z4B  	-4.8	100	 0.08	  69
23:08:20	21	4X6TU 	-8.5	100	 0.09	  62
23:08:30	21	OH2B  	-7.2	100	 0.12	 174
23:08:40	21	CS3B  	-4.7	100	 0.17	  26
23:08:50	21	LU4AA 	-8.0	100	 0.24	 188
23:09:00	24	LU4AA 	-8.0	100	 0.08	 193
23:09:10	24	OA4B  	-7.0	100	 0.06	  54
23:09:20	24	YV5B  	-4.0	100	 0.34	 200
23:09:30	24	4U1UN 	-3.8	100	 0.75	  84
23:09:40	24	VE8AT 	-6.4	100	 0.09	  10
23:09:50	24	W6WX  	30.6	  0	 6.76	  40
23:10:00	24	K6TD  	16.2	  0	 5.89	  -1
23:10:10	24	ZL6B  	-5.5	100	 0.18	 160
23:10:20	24	VK6RBP	-6.5	100	 0.22	  15
23:10:30	24	JA2IGY	-5.9	100	 0.26	 215
23:10:40	24	RR9O  	-5.8	100	 0.21	  59
23:10:50	24	VR2B  	-4.1	100	 0.30	  89
23:11:00	24	4S7B  	-7.5	100	 0.23	 282
23:11:10	24	ZS6DN 	-7.7	100	 0.05	  -4
23:11:20	24	5Z4B  	-6.2	100	 0.15	 304
23:11:30	24	4X6TU 	-4.9	100	 0.30	 289
23:11:40	24	OH2B  	-6.9	100	 0.12	 151
23:11:50	24	CS3B  	-6.9	100	 0.16	 241
23:12:00	28	CS3B  	-6.7	100	 0.11	 119
23:12:10	28	LU4AA 	-6.3	100	 0.24	  89
23:12:20	28	OA4B  	-7.0	100	 0.10	 317
23:12:30	28	YV5B  	-6.9	100	 0.12	 266
23:12:40	28	4U1UN 	-9.2	100	 0.10	  21
23:12:50	28	VE8AT 	-4.5	100	 0.12	 -32
23:13:00	28	W6WX  	19.5	  0	 6.41	  43
23:13:10	28	K6TD  	15.2	  0	 5.90	   7
23:13:20	28	ZL6B  	-6.7	100	 0.10	  -1
23:13:30	28	VK6RBP	-4.7	100	 0.49	 181
23:13:40	28	JA2IGY	-6.2	100	 0.54	 251
23:13:50	28	RR9O  	-5.7	100	 0.13	 164
23:14:00	28	VR2B  	-6.5	100	 0.11	 167
23:14:10	28	4S7B  	-4.6	100	 0.21	  77
23:14:20	28	ZS6DN 	-6.8	100	 0.18	 251
23:14:30	28	5Z4B  	-6.2	100	 0.30	  77
23:14:40	28	4X6TU 	-7.0	100	 0.07	 341
23:14:50	28	OH2B  	-6.0	100	 0.11	 331
23:15:00	14	4U1UN 	-2.9	100	 1.10	  61
23:15:10	14	VE8AT 	-5.6	100	 0.14	   8
23:15:20	14	W6WX  	 8.9	  6	 3.61	  39
23:15:30	14	K6TD  	22.6	  0	 5.82	  -3
23:15:40	14	ZL6B  	-8.6	100	 0.15	 268
23:15:50	14	VK6RBP	-6.5	100	 0.24	 144
23:16:00	14	JA2IGY	-5.5	100	 0.12	 125
23:16:10	14	RR9O  	-5.1	100	 0.10	 289
23:16:20	14	VR2B  	-8.0	100	 0.12	 127
23:16:30	14	4S7B  	-10.5	100	 0.10	 -22
23:16:40	14	ZS6DN 	-9.0	100	 0.11	  74
23:16:50	14	5Z4B  	-5.8	100	 0.10	 279
23:17:00	14	4X6TU 	-5.1	100	 0.17	 174
23:17:10	14	OH2B  	-21.3	100	 0.23	 278
23:17:20	14	CS3B  	-4.9	100	 0.16	  -1
23:17:30	14	LU4AA 	-5.7	100	 0.23	  85
23:17:40	14	OA4B  	-0.5	 84	 1.30	  61
23:17:50	14	YV5B  	18.9	  0	 6.74	  63
23:18:00	18	YV5B  	13.0	  0	 6.68	  63
23:18:10	18	4U1UN 	11.9	  6	 7.05	  54
23:18:20	18	VE8AT 	-4.3	100	 0.12	  69
23:18:30	18	W6WX  	28.2	  0	 6.02	  41
23:18:40	18	K6TD  	19.9	  0	 5.80	  -2
23:18:50	18	ZL6B  	-7.4	100	 0.17	  -3
23:19:00	18	VK6RBP	-5.2	100	 0.39	 322
23:19:10	18	JA2IGY	-6.3	100	 0.08	  62
23:19:20	18	RR9O  	-6.4	100	 0.12	 295
23:19:30	18	VR2B  	 0.1	 65	 1.18	  74
23:19:40	18	4S7B  	-5.2	100	 0.13	 336
23:19:50	18	ZS6DN 	-7.8	100	 0.25	 261
23:20:00	18	5Z4B  	-6.5	100	 0.18	 251
23:20:10	18	4X6TU 	-4.6	 94	 0.26	 243
23:20:20	18	OH2B  	-5.5	100	 0.18	  41
23:20:30	18	CS3B  	-7.0	100	 0.05	 -15
23:20:40	18	LU4AA 	-6.4	100	 0.21	 254
23:20:50	18	OA4B  	 1.4	 59	 1.76	  68
23:21:00	21	OA4B  	-0.8	 73	 1.02	  59
23:21:10	21	YV5B  	 5.2	  7	 5.44	  59
23:21:20	21	4U1UN 	 2.8	 21	 4.96	  54
23:21:30	21	VE8AT 	-6.0	100	 0.13	  53
23:21:40	21	W6WX  	32.1	  0	 6.76	  38
23:21:50	21	K6TD  	 1.3	 48	 2.05	   6
23:22:00	21	ZL6B  	-6.7	100	 0.14	 306
23:22:10	21	VK6RBP	-7.2	100	 0.34	  -8
23:22:20	21	JA2IGY	-6.5	100	 0.18	  91
23:22:30	21	RR9O  	-6.9	100	 0.23	 306
23:22:40	21	VR2B  	 3.5	 15	 4.44	  75
23:22:50	21	4S7B  	-6.2	100	 0.25	 210
23:23:00	21	ZS6DN 	-5.9	100	 0.26	 317
23:23:10	21	5Z4B  	-7.4	100	 0.15	 320
23:23:20	21	4X6TU 	-4.6	100	 0.20	 257
23:23:30	21	OH2B  	-6.7	100	 0.17	  92
23:23:40	21	CS3B  	-3.7	 95	 0.24	 135
23:23:50	21	LU4AA 	-10.1	100	 0.27	 238
23:24:00	24	LU4AA 	-11.2	100	 0.25	  14
23:24:10	24	OA4B  	-4.0	100	 0.37	 -50
23:24:20	24	YV5B  	-7.6	100	 0.24	 -39
23:24:30	24	4U1UN 	-7.3	100	 0.13	 -40
23:24:40	24	VE8AT 	-4.8	100	 0.13	  43
23:24:50	24	W6WX  	29.0	  0	 6.76	  36
23:25:00	24	K6TD  	16.5	  0	 5.72	   3
23:25:10	24	ZL6B  	-7.9	100	 0.07	 119
23:25:20	24	VK6RBP	-4.2	100	 0.13	 244
23:25:30	24	JA2IGY	-6.7	100	 0.12	 176
23:25:40	24	RR9O  	-5.9	100	 0.10	 -32
23:25:50	24	VR2B  	-2.5	100	 0.57	  69
23:26:00	24	4S7B  	-6.1	 98	 0.43	 306
23:26:10	24	ZS6DN 	-6.6	100	 0.09	 -19
23:26:20	24	5Z4B  	-5.3	100	 0.24	 224
23:26:30	24	4X6TU 	-4.5	100	 0.19	 -32
23:26:40	24	OH2B  	-6.5	100	 0.12	 151
23:26:50	24	CS3B  	-7.9	100	 0.08	 247
23:27:00	28	CS3B  	-5.8	100	 0.11	 255
23:27:10	28	LU4AA 	-17.5	100	 0.16	 194
23:27:20	28	OA4B  	-8.1	100	 0.11	 -50
23:27:30	28	YV5B  	-8.4	100	 0.17	 152
23:27:40	28	4U1UN 	-10.4	100	 0.17	 -47
23:27:50	28	VE8AT 	-20.0	100	 0.12	 133
23:28:00	28	W6WX  	19.9	  0	 5.95	  37
23:28:10	28	K6TD  	15.1	  0	 5.85	   2
23:28:20	28	ZL6B  	-13.4	100	 0.15	 118
23:28:30	28	VK6RBP	-6.5	100	 0.20	  66
23:28:40	28	JA2IGY	-5.9	100	 0.05	 112
23:28:50	28	RR9O  	-5.2	100	 0.30	   8
23:29:00	28	VR2B  	-5.7	100	 0.08	  34
23:29:10	28	4S7B  	-20.0	100	 0.13	 220
23:29:20	28	ZS6DN 	-10.6	100	 0.15	  32
23:29:30	28	5Z4B  	-6.3	100	 0.07	  45
23:29:40	28	4X6TU 	-5.9	100	 0.13	 -31
23:29:50	28	OH2B  	-6.3	100	 0.25	  50
23:30:00	14	4U1UN 	14.0	  8	 6.77	  53
23:30:10	14	VE8AT 	-8.2	100	 0.10	 234
23:30:20	14	W6WX  	26.4	  0	 6.73	  38
23:30:30	14	K6TD  	24.1	  0	 5.92	   4
23:30:40	14	ZL6B  	-12.6	100	 0.07	 288
23:30:50	14	VK6RBP	-5.6	100	 0.30	 265
23:31:00	14	JA2IGY	-4.9	100	 0.07	  39
23:31:10	14	RR9O  	-5.0	100	 0.08	  -5
23:31:20	14	VR2B  	-7.8	100	 0.07	 162
23:31:30	14	4S7B  	-5.9	100	 0.10	 222
23:31:40	14	ZS6DN 	-5.3	100	 0.19	   2
23:31:50	14	5Z4B  	-6.7	100	 0.08	  34
23:32:00	14	4X6TU 	-8.8	100	 0.10	 135
23:32:10	14	OH2B  	-4.9	100	 0.10	  74
23:32:20	14	CS3B  	-10.8	100	 0.21	  32
23:32:30	14	LU4AA 	-6.6	100	 0.16	  51
23:32:40	14	OA4B  	 2.5	 30	 3.54	  66
23:32:50	14	YV5B  	21.0	  0	 6.88	  66
23:33:00	18	YV5B  	 6.6	 22	 4.22	  57
23:33:10	18	4U1UN 	 9.0	  0	 7.22	  49
23:33:20	18	VE8AT 	 3.6	  2	 3.17	  51
23:33:30	18	W6WX  	34.5	  0	 6.39	  32
23:33:40	18	K6TD  	18.3	  0	 5.13	   2
23:33:50	18	ZL6B  	-6.5	100	 0.09	 301
23:34:00	18	VK6RBP	-4.5	100	 0.14	 -57
23:34:10	18	JA2IGY	-6.8	100	 0.26	  26
23:34:20	18	RR9O  	-7.2	100	 0.18	   3
23:34:30	18	VR2B  	-1.6	 72	 1.67	  77
23:34:40	18	4S7B  	-14.6	100	 0.10	  56
23:34:50	18	ZS6DN 	-5.1	100	 0.33	 127
23:35:00	18	5Z4B  	-7.9	100	 0.16	 261
23:35:10	18	4X6TU 	-20.0	100	 0.08	 136
23:35:20	18	OH2B  	-5.8	100	 0.22	 -33
23:35:30	18	CS3B  	-7.7	100	 0.13	 -46
23:35:40	18	LU4AA 	-7.3	100	 0.14	 231
23:35:50	18	OA4B  	 2.8	  9	 4.93	  62
23:36:00	21	OA4B  	-7.8	100	 0.21	 264
23:36:10	21	YV5B  	-0.6	 69	 2.26	  62
23:36:20	21	4U1UN 	 7.9	  8	 6.75	  58
23:36:30	21	VE8AT 	-7.6	100	 0.12	 229
23:36:40	21	W6WX  	31.3	  0	 6.76	  34
23:36:50	21	K6TD  	 6.8	  0	 4.12	  -1
23:37:00	21	ZL6B  	-8.4	100	 0.04	 126
23:37:10	21	VK6RBP	-5.8	100	 0.19	 175
23:37:20	21	JA2IGY	-6.1	100	 0.31	 277
23:37:30	21	RR9O  	-6.8	100	 0.20	 -28
23:37:40	21	VR2B  	 1.6	 28	 3.03	  78
23:37:50	21	4S7B  	-5.4	100	 0.07	 184
23:38:00	21	ZS6DN 	-5.6	100	 0.25	 216
23:38:10	21	5Z4B  	-6.2	100	 0.43	  55
23:38:20	21	4X6TU 	-4.9	100	 0.07	 285
23:38:30	21	OH2B  	-5.6	100	 0.11	 163
23:38:40	21	CS3B  	-5.4	100	 0.31	 -35
23:38:50	21	LU4AA 	-6.8	100	 0.07	 217
23:39:00	24	LU4AA 	-7.8	100	 0.11	   3
23:39:10	24	OA4B  	-4.9	100	 0.11	 212
23:39:20	24	YV5B  	-6.8	100	 0.13	 213
23:39:30	24	4U1UN 	-5.0	100	 0.33	 215
23:39:40	24	VE8AT 	-7.6	100	 0.07	  85
23:39:50	24	W6WX  	20.9	  2	 6.47	  43
23:40:00	24	K6TD  	16.2	  0	 5.54	  -3
23:40:10	24	ZL6B  	-2.8	 91	 0.18	 156
23:40:20	24	VK6RBP	-20.0	100	 0.06	 273
23:40:30	24	JA2IGY	-7.6	100	 0.22	 116
23:40:40	24	RR9O  	-4.6	100	 0.31	  97
23:40:50	24	VR2B  	-6.8	100	 0.04	 238
23:41:00	24	4S7B  	-6.6	100	 0.16	 -55
23:41:10	24	ZS6DN 	-20.0	100	 0.19	 232
23:41:20	24	5Z4B  	-4.8	100	 0.24	 -44
23:41:30	24	4X6TU 	-5.1	100	 0.32	 -64
23:41:40	24	OH2B  	-9.0	100	 0.39	 -44
23:41:50	24	CS3B  	-8.0	100	 0.09	  67
23:42:00	28	CS3B  	-5.1	100	 0.12	  91
23:42:10	28	LU4AA 	-8.1	100	 0.13	 -22
23:42:20	28	OA4B  	-7.2	100	 0.12	 170
23:42:30	28	YV5B  	-7.1	100	 0.05	 288
23:42:40	28	4U1UN 	-6.7	100	 0.29	 250
23:42:50	28	VE8AT 	-7.1	100	 0.06	 258
23:43:00	28	W6WX  	19.0	  0	 6.00	  41
23:43:10	28	K6TD  	16.3	  0	 5.84	   5
23:43:20	28	ZL6B  	-7.2	100	 0.11	 -16
23:43:30	28	VK6RBP	-5.3	100	 0.15	 133
23:43:40	28	JA2IGY	-7.0	100	 0.18	 119
23:43:50	28	RR9O  	-7.5	100	 0.15	 291
23:44:00	28	VR2B  	-4.0	100	 0.05	 -40
23:44:10	28	4S7B  	-7.3	100	 0.19	 280
23:44:20	28	ZS6DN 	-8.4	100	 0.19	 -12
23:44:30	28	5Z4B  	-6.8	100	 0.14	 125
23:44:40	28	4X6TU 	-5.0	100	 0.15	 254
23:44:50	28	OH2B  	-7.0	100	 0.15	  84
23:45:00	14	4U1UN 	 6.8	 44	 4.41	  53
23:45:10	14	VE8AT 	-5.1	100	 0.28	  66
23:45:20	14	W6WX  	10.5	  6	 5.40	  46
23:45:30	14	K6TD  	22.1	  0	 5.62	  -2
23:45:40	14	ZL6B  	-6.4	100	 0.14	 260
23:45:50	14	VK6RBP	-3.9	 98	 0.07	 163
23:46:00	14	JA2IGY	-7.6	100	 0.19	  26
23:46:10	14	RR9O  	-5.3	100	 0.08	 248
23:46:20	14	VR2B  	-5.8	100	 0.25	 271
23:46:30	14	4S7B  	-6.8	100	 0.09	 122
23:46:40	14	ZS6DN 	-6.3	100	 0.06	  51
23:46:50	14	5Z4B  	-7.4	100	 0.24	 233
23:47:00	14	4X6TU 	-6.7	100	 0.16	  69
23:47:10	14	OH2B  	-3.6	100	 0.09	 235
23:47:20	14	CS3B  	-5.9	100	 0.23	 -74
23:47:30	14	LU4AA 	-6.7	100	 0.19	 138
23:47:40	14	OA4B  	 1.6	 41	 2.26	  67
23:47:50	14	YV5B  	 8.7	  2	 5.66	  56
23:48:00	18	YV5B  	 4.4	 16	 3.93	  61
23:48:10	18	4U1UN 	13.8	  0	 7.38	  51
23:48:20	18	VE8AT 	-1.9	100	 0.50	  62
23:48:30	18	W6WX  	34.5	  0	 6.46	  38
23:48:40	18	K6TD  	19.3	  0	 5.89	  40
23:48:50	18	ZL6B  	-4.9	100	 0.37	  12
23:49:00	18	VK6RBP	-5.5	100	 0.30	 272
23:49:10	18	JA2IGY	-4.8	 98	 0.11	   7
23:49:20	18	RR9O  	-5.3	100	 0.11	 119
23:49:30	18	VR2B  	-0.3	 63	 1.77	  71
23:49:40	18	4S7B  	-5.1	100	 0.11	  30
23:49:50	18	ZS6DN 	-4.7	100	 0.15	 320
23:50:00	18	5Z4B  	-6.4	100	 0.12	   7
23:50:20	18	OH2B  	-4.3	100	 0.13	 280
23:50:30	18	CS3B  	-3.5	 93	 0.13	 102
23:50:40	18	LU4AA 	-7.1	100	 0.04	 213
23:50:50	18	OA4B  	 1.8	 30	 2.71	  55
23:51:00	21	OA4B  	-8.9	100	 0.10	 136
23:51:10	21	YV5B  	 9.9	  0	 6.70	  57
23:51:20	21	4U1UN 	 6.9	  0	 7.10	  49
23:51:30	21	VE8AT 	-11.3	100	 0.09	 265
23:51:40	21	W6WX  	29.7	  0	 6.76	  39
23:51:50	21	K6TD  	16.4	  0	 5.90	  37
23:52:00	21	ZL6B  	-6.9	100	 0.30	  30
23:52:10	21	VK6RBP	-7.3	100	 0.09	 213
23:52:20	21	JA2IGY	-6.1	100	 0.12	  96
23:52:30	21	RR9O  	-4.4	100	 0.09	  37
23:52:40	21	VR2B  	 0.3	 63	 1.56	  71
23:52:50	21	4S7B  	-7.2	100	 0.07	 159
23:53:00	21	ZS6DN 	-7.7	 96	 0.15	  94
23:53:10	21	5Z4B  	-7.6	100	 0.12	  40
23:53:20	21	4X6TU 	-5.7	100	 0.17	 134
23:53:30	21	OH2B  	-4.3	100	 0.27	 259
23:53:40	21	CS3B  	-5.6	100	 0.14	 282
23:53:50	21	LU4AA 	-6.1	100	 0.11	 138
23:54:00	24	LU4AA 	-6.5	100	 0.14	 308
23:54:10	24	OA4B  	-8.9	100	 0.13	  68
23:54:20	24	YV5B  	-27.2	100	 0.07	  99
23:54:30	24	4U1UN 	-5.7	100	 0.23	 309
23:54:40	24	VE8AT 	-4.1	100	 0.11	  94
23:54:50	24	W6WX  	28.0	  0	 6.76	  33
23:55:00	24	K6TD  	15.1	  0	 5.89	  36
23:55:10	24	ZL6B  	-4.2	100	 0.34	 148
23:55:20	24	VK6RBP	-5.1	100	 0.25	 230
23:55:30	24	JA2IGY	-4.6	100	 0.16	 185
23:55:40	24	RR9O  	-5.3	100	 0.21	  72
23:55:50	24	VR2B  	-8.4	100	 0.27	 323
23:56:00	24	4S7B  	-7.7	100	 0.09	 190
23:56:10	24	ZS6DN 	-5.9	100	 0.08	 163
23:56:20	24	5Z4B  	-5.9	100	 0.17	  89
23:56:30	24	4X6TU 	-7.1	100	 0.26	 276
23:56:40	24	OH2B  	-4.9	100	 0.22	 298
23:56:50	24	CS3B  	-9.3	100	 0.10	 240
23:57:00	28	CS3B  	-6.1	100	 0.22	 160
23:57:10	28	LU4AA 	-4.3	100	 0.11	 274
23:57:20	28	OA4B  	-5.9	100	 0.07	  97
23:57:30	28	YV5B  	-9.5	100	 0.13	   8
23:57:40	28	4U1UN 	-7.4	100	 0.12	 -23
23:57:50	28	VE8AT 	-5.6	100	 0.07	 -19
23:58:00	28	W6WX  	18.3	  0	 6.54	  36
23:58:10	28	K6TD  	13.6	  0	 5.83	  34
23:58:20	28	ZL6B  	-20.6	100	 0.08	 234
23:58:30	28	VK6RBP	-6.7	100	 0.21	  32
23:58:40	28	JA2IGY	-5.8	100	 0.26	 284
23:58:50	28	RR9O  	-4.7	100	 0.17	 262
23:59:00	28	VR2B  	-20.0	100	 0.13	 -33
23:59:10	28	4S7B  	-7.7	100	 0.15	 262
23:59:20	28	ZS6DN 	-8.0	100	 0.15	 100
23:59:30	28	5Z4B  	-5.7	100	 0.35	  87
23:59:40	28	4X6TU 	-20.0	100	 0.15	 -34
23:59:50	28	OH2B  	-6.6	100	 0.09	 182
