########### array before sorts ###########
0	100.660200	82.550000	100.646510	82.758868	n
1	100.646510	82.758868	100.605675	82.964162	n
2	100.605675	82.964162	100.445814	83.350100	n
3	100.445814	83.350100	100.191512	83.681512	n
4	100.191512	83.681512	99.860100	83.935814	n
5	99.860100	83.935814	99.474162	84.095675	n
6	99.474162	84.095675	99.060000	84.150200	n
7	99.060000	84.150200	98.645838	84.095675	n
8	98.645838	84.095675	98.259900	83.935814	n
9	98.259900	83.935814	97.928488	83.681512	n
10	97.928488	83.681512	97.674186	83.350100	n
11	97.674186	83.350100	97.514325	82.964162	n
12	97.514325	82.964162	97.459800	82.550000	n
13	97.459800	82.550000	97.514325	82.135838	n
14	97.514325	82.135838	97.674186	81.749900	n
15	97.674186	81.749900	97.928488	81.418488	n
16	97.928488	81.418488	98.259900	81.164186	n
17	98.259900	81.164186	98.645838	81.004325	n
18	98.645838	81.004325	99.060000	80.949800	n
19	99.060000	80.949800	99.474162	81.004325	n
20	99.474162	81.004325	99.860100	81.164186	n
21	99.860100	81.164186	100.191512	81.418488	n
22	100.191512	81.418488	100.445814	81.749900	n
23	100.445814	81.749900	100.605675	82.135838	n
24	100.605675	82.135838	100.660200	82.550000	n
25	57.480200	32.385000	57.466510	32.593868	n
26	57.466510	32.593868	57.425675	32.799162	n
27	57.425675	32.799162	57.265814	33.185100	n
28	57.265814	33.185100	57.011512	33.516512	n
29	57.011512	33.516512	56.680100	33.770814	n
30	56.680100	33.770814	56.294162	33.930675	n
31	56.294162	33.930675	55.880000	33.985200	n
32	55.880000	33.985200	55.465838	33.930675	n
33	55.465838	33.930675	55.079900	33.770814	n
34	55.079900	33.770814	54.748488	33.516512	n
35	54.748488	33.516512	54.494186	33.185100	n
36	54.494186	33.185100	54.334325	32.799162	n
37	54.334325	32.799162	54.279800	32.385000	n
38	54.279800	32.385000	54.334325	31.970838	n
39	54.334325	31.970838	54.494186	31.584900	n
40	54.494186	31.584900	54.748488	31.253488	n
41	54.748488	31.253488	55.079900	30.999186	n
42	55.079900	30.999186	55.465838	30.839325	n
43	55.465838	30.839325	55.880000	30.784800	n
44	55.880000	30.784800	56.294162	30.839325	n
45	56.294162	30.839325	56.680100	30.999186	n
46	56.680100	30.999186	57.011512	31.253488	n
47	57.011512	31.253488	57.265814	31.584900	n
48	57.265814	31.584900	57.425675	31.970838	n
49	57.425675	31.970838	57.480200	32.385000	n
50	105.740200	30.480000	105.726510	30.688868	n
51	105.726510	30.688868	105.685675	30.894162	n
52	105.685675	30.894162	105.525814	31.280100	n
53	105.525814	31.280100	105.271512	31.611512	n
54	105.271512	31.611512	104.940100	31.865814	n
55	104.940100	31.865814	104.554162	32.025675	n
56	104.554162	32.025675	104.140000	32.080200	n
57	104.140000	32.080200	103.725838	32.025675	n
58	103.725838	32.025675	103.339900	31.865814	n
59	103.339900	31.865814	103.008488	31.611512	n
60	103.008488	31.611512	102.754186	31.280100	n
61	102.754186	31.280100	102.594325	30.894162	n
62	102.594325	30.894162	102.539800	30.480000	n
63	102.539800	30.480000	102.594325	30.065838	n
64	102.594325	30.065838	102.754186	29.679900	n
65	102.754186	29.679900	103.008488	29.348488	n
66	103.008488	29.348488	103.339900	29.094186	n
67	103.339900	29.094186	103.725838	28.934325	n
68	103.725838	28.934325	104.140000	28.879800	n
69	104.140000	28.879800	104.554162	28.934325	n
70	104.554162	28.934325	104.940100	29.094186	n
71	104.940100	29.094186	105.271512	29.348488	n
72	105.271512	29.348488	105.525814	29.679900	n
73	105.525814	29.679900	105.685675	30.065838	n
74	105.685675	30.065838	105.740200	30.480000	n
75	72.720200	82.550000	72.706510	82.758868	n
76	72.706510	82.758868	72.665675	82.964162	n
77	72.665675	82.964162	72.505814	83.350100	n
78	72.505814	83.350100	72.251512	83.681512	n
79	72.251512	83.681512	71.920100	83.935814	n
80	71.920100	83.935814	71.534162	84.095675	n
81	71.534162	84.095675	71.120000	84.150200	n
82	71.120000	84.150200	70.705838	84.095675	n
83	70.705838	84.095675	70.319900	83.935814	n
84	70.319900	83.935814	69.988488	83.681512	n
85	69.988488	83.681512	69.734186	83.350100	n
86	69.734186	83.350100	69.574325	82.964162	n
87	69.574325	82.964162	69.519800	82.550000	n
88	69.519800	82.550000	69.574325	82.135838	n
89	69.574325	82.135838	69.734186	81.749900	n
90	69.734186	81.749900	69.988488	81.418488	n
91	69.988488	81.418488	70.319900	81.164186	n
92	70.319900	81.164186	70.705838	81.004325	n
93	70.705838	81.004325	71.120000	80.949800	n
94	71.120000	80.949800	71.534162	81.004325	n
95	71.534162	81.004325	71.920100	81.164186	n
96	71.920100	81.164186	72.251512	81.418488	n
97	72.251512	81.418488	72.505814	81.749900	n
98	72.505814	81.749900	72.665675	82.135838	n
99	72.665675	82.135838	72.720200	82.550000	n
Tolerance=0.050000.
*Exact match for i=0 and j=1.
*i point 100.660200	82.550000	100.646510	82.758868	y
*Exact match for i=1 and j=2.
*i point 100.646510	82.758868	100.605675	82.964162	y
*Exact match for i=2 and j=3.
*i point 100.605675	82.964162	100.445814	83.350100	y
*Exact match for i=3 and j=4.
*i point 100.445814	83.350100	100.191512	83.681512	y
*Exact match for i=4 and j=5.
*i point 100.191512	83.681512	99.860100	83.935814	y
*Exact match for i=5 and j=6.
*i point 99.860100	83.935814	99.474162	84.095675	y
*Exact match for i=6 and j=7.
*i point 99.474162	84.095675	99.060000	84.150200	y
*Exact match for i=7 and j=8.
*i point 99.060000	84.150200	98.645838	84.095675	y
*Exact match for i=8 and j=9.
*i point 98.645838	84.095675	98.259900	83.935814	y
*Exact match for i=9 and j=10.
*i point 98.259900	83.935814	97.928488	83.681512	y
*Exact match for i=10 and j=11.
*i point 97.928488	83.681512	97.674186	83.350100	y
*Exact match for i=11 and j=12.
*i point 97.674186	83.350100	97.514325	82.964162	y
*Exact match for i=12 and j=13.
*i point 97.514325	82.964162	97.459800	82.550000	y
*Exact match for i=13 and j=14.
*i point 97.459800	82.550000	97.514325	82.135838	y
*Exact match for i=14 and j=15.
*i point 97.514325	82.135838	97.674186	81.749900	y
*Exact match for i=15 and j=16.
*i point 97.674186	81.749900	97.928488	81.418488	y
*Exact match for i=16 and j=17.
*i point 97.928488	81.418488	98.259900	81.164186	y
*Exact match for i=17 and j=18.
*i point 98.259900	81.164186	98.645838	81.004325	y
*Exact match for i=18 and j=19.
*i point 98.645838	81.004325	99.060000	80.949800	y
*Exact match for i=19 and j=20.
*i point 99.060000	80.949800	99.474162	81.004325	y
*Exact match for i=20 and j=21.
*i point 99.474162	81.004325	99.860100	81.164186	y
*Exact match for i=21 and j=22.
*i point 99.860100	81.164186	100.191512	81.418488	y
*Exact match for i=22 and j=23.
*i point 100.191512	81.418488	100.445814	81.749900	y
*Exact match for i=23 and j=24.
*i point 100.445814	81.749900	100.605675	82.135838	y
*Exact match for i=25 and j=26.
*i point 57.480200	32.385000	57.466510	32.593868	y
*Exact match for i=26 and j=27.
*i point 57.466510	32.593868	57.425675	32.799162	y
*Exact match for i=27 and j=28.
*i point 57.425675	32.799162	57.265814	33.185100	y
*Exact match for i=28 and j=29.
*i point 57.265814	33.185100	57.011512	33.516512	y
*Exact match for i=29 and j=30.
*i point 57.011512	33.516512	56.680100	33.770814	y
*Exact match for i=30 and j=31.
*i point 56.680100	33.770814	56.294162	33.930675	y
*Exact match for i=31 and j=32.
*i point 56.294162	33.930675	55.880000	33.985200	y
*Exact match for i=32 and j=33.
*i point 55.880000	33.985200	55.465838	33.930675	y
*Exact match for i=33 and j=34.
*i point 55.465838	33.930675	55.079900	33.770814	y
*Exact match for i=34 and j=35.
*i point 55.079900	33.770814	54.748488	33.516512	y
*Exact match for i=35 and j=36.
*i point 54.748488	33.516512	54.494186	33.185100	y
*Exact match for i=36 and j=37.
*i point 54.494186	33.185100	54.334325	32.799162	y
*Exact match for i=37 and j=38.
*i point 54.334325	32.799162	54.279800	32.385000	y
*Exact match for i=38 and j=39.
*i point 54.279800	32.385000	54.334325	31.970838	y
*Exact match for i=39 and j=40.
*i point 54.334325	31.970838	54.494186	31.584900	y
*Exact match for i=40 and j=41.
*i point 54.494186	31.584900	54.748488	31.253488	y
*Exact match for i=41 and j=42.
*i point 54.748488	31.253488	55.079900	30.999186	y
*Exact match for i=42 and j=43.
*i point 55.079900	30.999186	55.465838	30.839325	y
*Exact match for i=43 and j=44.
*i point 55.465838	30.839325	55.880000	30.784800	y
*Exact match for i=44 and j=45.
*i point 55.880000	30.784800	56.294162	30.839325	y
*Exact match for i=45 and j=46.
*i point 56.294162	30.839325	56.680100	30.999186	y
*Exact match for i=46 and j=47.
*i point 56.680100	30.999186	57.011512	31.253488	y
*Exact match for i=47 and j=48.
*i point 57.011512	31.253488	57.265814	31.584900	y
*Exact match for i=48 and j=49.
*i point 57.265814	31.584900	57.425675	31.970838	y
*Exact match for i=50 and j=51.
*i point 105.740200	30.480000	105.726510	30.688868	y
*Exact match for i=51 and j=52.
*i point 105.726510	30.688868	105.685675	30.894162	y
*Exact match for i=52 and j=53.
*i point 105.685675	30.894162	105.525814	31.280100	y
*Exact match for i=53 and j=54.
*i point 105.525814	31.280100	105.271512	31.611512	y
*Exact match for i=54 and j=55.
*i point 105.271512	31.611512	104.940100	31.865814	y
*Exact match for i=55 and j=56.
*i point 104.940100	31.865814	104.554162	32.025675	y
*Exact match for i=56 and j=57.
*i point 104.554162	32.025675	104.140000	32.080200	y
*Exact match for i=57 and j=58.
*i point 104.140000	32.080200	103.725838	32.025675	y
*Exact match for i=58 and j=59.
*i point 103.725838	32.025675	103.339900	31.865814	y
*Exact match for i=59 and j=60.
*i point 103.339900	31.865814	103.008488	31.611512	y
*Exact match for i=60 and j=61.
*i point 103.008488	31.611512	102.754186	31.280100	y
*Exact match for i=61 and j=62.
*i point 102.754186	31.280100	102.594325	30.894162	y
*Exact match for i=62 and j=63.
*i point 102.594325	30.894162	102.539800	30.480000	y
*Exact match for i=63 and j=64.
*i point 102.539800	30.480000	102.594325	30.065838	y
*Exact match for i=64 and j=65.
*i point 102.594325	30.065838	102.754186	29.679900	y
*Exact match for i=65 and j=66.
*i point 102.754186	29.679900	103.008488	29.348488	y
*Exact match for i=66 and j=67.
*i point 103.008488	29.348488	103.339900	29.094186	y
*Exact match for i=67 and j=68.
*i point 103.339900	29.094186	103.725838	28.934325	y
*Exact match for i=68 and j=69.
*i point 103.725838	28.934325	104.140000	28.879800	y
*Exact match for i=69 and j=70.
*i point 104.140000	28.879800	104.554162	28.934325	y
*Exact match for i=70 and j=71.
*i point 104.554162	28.934325	104.940100	29.094186	y
*Exact match for i=71 and j=72.
*i point 104.940100	29.094186	105.271512	29.348488	y
*Exact match for i=72 and j=73.
*i point 105.271512	29.348488	105.525814	29.679900	y
*Exact match for i=73 and j=74.
*i point 105.525814	29.679900	105.685675	30.065838	y
*Exact match for i=75 and j=76.
*i point 72.720200	82.550000	72.706510	82.758868	y
*Exact match for i=76 and j=77.
*i point 72.706510	82.758868	72.665675	82.964162	y
*Exact match for i=77 and j=78.
*i point 72.665675	82.964162	72.505814	83.350100	y
*Exact match for i=78 and j=79.
*i point 72.505814	83.350100	72.251512	83.681512	y
*Exact match for i=79 and j=80.
*i point 72.251512	83.681512	71.920100	83.935814	y
*Exact match for i=80 and j=81.
*i point 71.920100	83.935814	71.534162	84.095675	y
*Exact match for i=81 and j=82.
*i point 71.534162	84.095675	71.120000	84.150200	y
*Exact match for i=82 and j=83.
*i point 71.120000	84.150200	70.705838	84.095675	y
*Exact match for i=83 and j=84.
*i point 70.705838	84.095675	70.319900	83.935814	y
*Exact match for i=84 and j=85.
*i point 70.319900	83.935814	69.988488	83.681512	y
*Exact match for i=85 and j=86.
*i point 69.988488	83.681512	69.734186	83.350100	y
*Exact match for i=86 and j=87.
*i point 69.734186	83.350100	69.574325	82.964162	y
*Exact match for i=87 and j=88.
*i point 69.574325	82.964162	69.519800	82.550000	y
*Exact match for i=88 and j=89.
*i point 69.519800	82.550000	69.574325	82.135838	y
*Exact match for i=89 and j=90.
*i point 69.574325	82.135838	69.734186	81.749900	y
*Exact match for i=90 and j=91.
*i point 69.734186	81.749900	69.988488	81.418488	y
*Exact match for i=91 and j=92.
*i point 69.988488	81.418488	70.319900	81.164186	y
*Exact match for i=92 and j=93.
*i point 70.319900	81.164186	70.705838	81.004325	y
*Exact match for i=93 and j=94.
*i point 70.705838	81.004325	71.120000	80.949800	y
*Exact match for i=94 and j=95.
*i point 71.120000	80.949800	71.534162	81.004325	y
*Exact match for i=95 and j=96.
*i point 71.534162	81.004325	71.920100	81.164186	y
*Exact match for i=96 and j=97.
*i point 71.920100	81.164186	72.251512	81.418488	y
*Exact match for i=97 and j=98.
*i point 72.251512	81.418488	72.505814	81.749900	y
*Exact match for i=98 and j=99.
*i point 72.505814	81.749900	72.665675	82.135838	y
########### array after sorts ###########
0	100.660200	82.550000	100.646510	82.758868	y
1	100.646510	82.758868	100.605675	82.964162	y
2	100.605675	82.964162	100.445814	83.350100	y
3	100.445814	83.350100	100.191512	83.681512	y
4	100.191512	83.681512	99.860100	83.935814	y
5	99.860100	83.935814	99.474162	84.095675	y
6	99.474162	84.095675	99.060000	84.150200	y
7	99.060000	84.150200	98.645838	84.095675	y
8	98.645838	84.095675	98.259900	83.935814	y
9	98.259900	83.935814	97.928488	83.681512	y
10	97.928488	83.681512	97.674186	83.350100	y
11	97.674186	83.350100	97.514325	82.964162	y
12	97.514325	82.964162	97.459800	82.550000	y
13	97.459800	82.550000	97.514325	82.135838	y
14	97.514325	82.135838	97.674186	81.749900	y
15	97.674186	81.749900	97.928488	81.418488	y
16	97.928488	81.418488	98.259900	81.164186	y
17	98.259900	81.164186	98.645838	81.004325	y
18	98.645838	81.004325	99.060000	80.949800	y
19	99.060000	80.949800	99.474162	81.004325	y
20	99.474162	81.004325	99.860100	81.164186	y
21	99.860100	81.164186	100.191512	81.418488	y
22	100.191512	81.418488	100.445814	81.749900	y
23	100.445814	81.749900	100.605675	82.135838	y
24	100.605675	82.135838	100.660200	82.550000	y
25	57.480200	32.385000	57.466510	32.593868	y
26	57.466510	32.593868	57.425675	32.799162	y
27	57.425675	32.799162	57.265814	33.185100	y
28	57.265814	33.185100	57.011512	33.516512	y
29	57.011512	33.516512	56.680100	33.770814	y
30	56.680100	33.770814	56.294162	33.930675	y
31	56.294162	33.930675	55.880000	33.985200	y
32	55.880000	33.985200	55.465838	33.930675	y
33	55.465838	33.930675	55.079900	33.770814	y
34	55.079900	33.770814	54.748488	33.516512	y
35	54.748488	33.516512	54.494186	33.185100	y
36	54.494186	33.185100	54.334325	32.799162	y
37	54.334325	32.799162	54.279800	32.385000	y
38	54.279800	32.385000	54.334325	31.970838	y
39	54.334325	31.970838	54.494186	31.584900	y
40	54.494186	31.584900	54.748488	31.253488	y
41	54.748488	31.253488	55.079900	30.999186	y
42	55.079900	30.999186	55.465838	30.839325	y
43	55.465838	30.839325	55.880000	30.784800	y
44	55.880000	30.784800	56.294162	30.839325	y
45	56.294162	30.839325	56.680100	30.999186	y
46	56.680100	30.999186	57.011512	31.253488	y
47	57.011512	31.253488	57.265814	31.584900	y
48	57.265814	31.584900	57.425675	31.970838	y
49	57.425675	31.970838	57.480200	32.385000	y
50	105.740200	30.480000	105.726510	30.688868	y
51	105.726510	30.688868	105.685675	30.894162	y
52	105.685675	30.894162	105.525814	31.280100	y
53	105.525814	31.280100	105.271512	31.611512	y
54	105.271512	31.611512	104.940100	31.865814	y
55	104.940100	31.865814	104.554162	32.025675	y
56	104.554162	32.025675	104.140000	32.080200	y
57	104.140000	32.080200	103.725838	32.025675	y
58	103.725838	32.025675	103.339900	31.865814	y
59	103.339900	31.865814	103.008488	31.611512	y
60	103.008488	31.611512	102.754186	31.280100	y
61	102.754186	31.280100	102.594325	30.894162	y
62	102.594325	30.894162	102.539800	30.480000	y
63	102.539800	30.480000	102.594325	30.065838	y
64	102.594325	30.065838	102.754186	29.679900	y
65	102.754186	29.679900	103.008488	29.348488	y
66	103.008488	29.348488	103.339900	29.094186	y
67	103.339900	29.094186	103.725838	28.934325	y
68	103.725838	28.934325	104.140000	28.879800	y
69	104.140000	28.879800	104.554162	28.934325	y
70	104.554162	28.934325	104.940100	29.094186	y
71	104.940100	29.094186	105.271512	29.348488	y
72	105.271512	29.348488	105.525814	29.679900	y
73	105.525814	29.679900	105.685675	30.065838	y
74	105.685675	30.065838	105.740200	30.480000	y
75	72.720200	82.550000	72.706510	82.758868	y
76	72.706510	82.758868	72.665675	82.964162	y
77	72.665675	82.964162	72.505814	83.350100	y
78	72.505814	83.350100	72.251512	83.681512	y
79	72.251512	83.681512	71.920100	83.935814	y
80	71.920100	83.935814	71.534162	84.095675	y
81	71.534162	84.095675	71.120000	84.150200	y
82	71.120000	84.150200	70.705838	84.095675	y
83	70.705838	84.095675	70.319900	83.935814	y
84	70.319900	83.935814	69.988488	83.681512	y
85	69.988488	83.681512	69.734186	83.350100	y
86	69.734186	83.350100	69.574325	82.964162	y
87	69.574325	82.964162	69.519800	82.550000	y
88	69.519800	82.550000	69.574325	82.135838	y
89	69.574325	82.135838	69.734186	81.749900	y
90	69.734186	81.749900	69.988488	81.418488	y
91	69.988488	81.418488	70.319900	81.164186	y
92	70.319900	81.164186	70.705838	81.004325	y
93	70.705838	81.004325	71.120000	80.949800	y
94	71.120000	80.949800	71.534162	81.004325	y
95	71.534162	81.004325	71.920100	81.164186	y
96	71.920100	81.164186	72.251512	81.418488	y
97	72.251512	81.418488	72.505814	81.749900	y
98	72.505814	81.749900	72.665675	82.135838	y
99	72.665675	82.135838	72.720200	82.550000	y
***************
.BOARD_OUTLINE UNOWNED
1.6
0     100.660200     82.550000     0
0     100.646510     82.758868     0
0     100.605675     82.964162     0
0     100.445814     83.350100     0
0     100.191512     83.681512     0
0     99.860100     83.935814     0
0     99.474162     84.095675     0
0     99.060000     84.150200     0
0     98.645838     84.095675     0
0     98.259900     83.935814     0
0     97.928488     83.681512     0
0     97.674186     83.350100     0
0     97.514325     82.964162     0
0     97.459800     82.550000     0
0     97.514325     82.135838     0
0     97.674186     81.749900     0
0     97.928488     81.418488     0
0     98.259900     81.164186     0
0     98.645838     81.004325     0
0     99.060000     80.949800     0
0     99.474162     81.004325     0
0     99.860100     81.164186     0
0     100.191512     81.418488     0
0     100.445814     81.749900     0
0     100.605675     82.135838     0
0     100.660200     82.550000     0
1     57.480200     32.385000     0
1     57.466510     32.593868     0
1     57.425675     32.799162     0
1     57.265814     33.185100     0
1     57.011512     33.516512     0
1     56.680100     33.770814     0
1     56.294162     33.930675     0
1     55.880000     33.985200     0
1     55.465838     33.930675     0
1     55.079900     33.770814     0
1     54.748488     33.516512     0
1     54.494186     33.185100     0
1     54.334325     32.799162     0
1     54.279800     32.385000     0
1     54.334325     31.970838     0
1     54.494186     31.584900     0
1     54.748488     31.253488     0
1     55.079900     30.999186     0
1     55.465838     30.839325     0
1     55.880000     30.784800     0
1     56.294162     30.839325     0
1     56.680100     30.999186     0
1     57.011512     31.253488     0
1     57.265814     31.584900     0
1     57.425675     31.970838     0
1     57.480200     32.385000     0
2     105.740200     30.480000     0
2     105.726510     30.688868     0
2     105.685675     30.894162     0
2     105.525814     31.280100     0
2     105.271512     31.611512     0
2     104.940100     31.865814     0
2     104.554162     32.025675     0
2     104.140000     32.080200     0
2     103.725838     32.025675     0
2     103.339900     31.865814     0
2     103.008488     31.611512     0
2     102.754186     31.280100     0
2     102.594325     30.894162     0
2     102.539800     30.480000     0
2     102.594325     30.065838     0
2     102.754186     29.679900     0
2     103.008488     29.348488     0
2     103.339900     29.094186     0
2     103.725838     28.934325     0
2     104.140000     28.879800     0
2     104.554162     28.934325     0
2     104.940100     29.094186     0
2     105.271512     29.348488     0
2     105.525814     29.679900     0
2     105.685675     30.065838     0
2     105.740200     30.480000     0
3     72.720200     82.550000     0
3     72.706510     82.758868     0
3     72.665675     82.964162     0
3     72.505814     83.350100     0
3     72.251512     83.681512     0
3     71.920100     83.935814     0
3     71.534162     84.095675     0
3     71.120000     84.150200     0
3     70.705838     84.095675     0
3     70.319900     83.935814     0
3     69.988488     83.681512     0
3     69.734186     83.350100     0
3     69.574325     82.964162     0
3     69.519800     82.550000     0
3     69.574325     82.135838     0
3     69.734186     81.749900     0
3     69.988488     81.418488     0
3     70.319900     81.164186     0
3     70.705838     81.004325     0
3     71.120000     80.949800     0
3     71.534162     81.004325     0
3     71.920100     81.164186     0
3     72.251512     81.418488     0
3     72.505814     81.749900     0
3     72.665675     82.135838     0
3     72.720200     82.550000     0
